Log file open, 06/25/17 22:23:59
LogInit:Display: Running engine for game: TransientGame
LogPlatformFile: Not using cached read wrapper
LogInit:Display: RandInit(-534918115) SRandInit(-534918115).
LogTaskGraph: Started task graph with 5 named threads and 8 total threads with 1 sets of task threads.
LogStats: Stats thread started at 0.085814
LogInit: Using libcurl 7.47.1
LogInit:  - built for x86_64-pc-win32
LogInit:  - supports SSL with OpenSSL/1.0.2g
LogInit:  - supports HTTP deflate (compression) using libz 1.2.8
LogInit:  - other features:
LogInit:      CURL_VERSION_SSL
LogInit:      CURL_VERSION_LIBZ
LogInit:      CURL_VERSION_IPV6
LogInit:      CURL_VERSION_ASYNCHDNS
LogInit:      CURL_VERSION_LARGEFILE
LogInit:      CURL_VERSION_IDN
LogInit:  CurlRequestOptions (configurable via config and command line):
LogInit:  - bVerifyPeer = false  - Libcurl will NOT verify peer certificate
LogInit:  - bUseHttpProxy = false  - Libcurl will NOT use HTTP proxy
LogInit:  - bDontReuseConnections = false  - Libcurl will reuse connections
LogInit:  - CertBundlePath = nullptr  - Libcurl will use whatever was configured at build time.
LogInit: Build: ++UE4+Release-4.16-CL-3466753
LogInit: Engine Version: 4.16.1-3466753+++UE4+Release-4.16
LogInit: Compatible Engine Version: 4.16.0-3452394+++UE4+Release-4.16
LogInit: Net CL: 3452394
LogDevObjectVersion: Number of dev versions registered: 16
LogDevObjectVersion:   Dev-Blueprints (B0D832E4-1F89-4F0D-ACCF-7EB736FD4AA2): 9
LogDevObjectVersion:   Dev-Build (E1C64328-A22C-4D53-A36C-8E866417BD8C): 0
LogDevObjectVersion:   Dev-Core (375EC13C-06E4-48FB-B500-84F0262A717E): 2
LogDevObjectVersion:   Dev-Editor (E4B068ED-F494-42E9-A231-DA0B2E46BB41): 17
LogDevObjectVersion:   Dev-Framework (CFFC743F-43B0-4480-9391-14DF171D2073): 23
LogDevObjectVersion:   Dev-Mobile (B02B49B5-BB20-44E9-A304-32B752E40360): 0
LogDevObjectVersion:   Dev-Networking (A4E4105C-59A1-49B5-A7C5-40C4547EDFEE): 0
LogDevObjectVersion:   Dev-Online (39C831C9-5AE6-47DC-9A44-9C173E1C8E7C): 0
LogDevObjectVersion:   Dev-Physics (78F01B33-EBEA-4F98-B9B4-84EACCB95AA2): 0
LogDevObjectVersion:   Dev-Platform (6631380F-2D4D-43E0-8009-CF276956A95A): 0
LogDevObjectVersion:   Dev-Rendering (12F88B9F-8875-4AFC-A67C-D90C383ABD29): 15
LogDevObjectVersion:   Dev-Sequencer (7B5AE74C-D270-4C10-A958-57980B212A5A): 4
LogDevObjectVersion:   Dev-VR (D7296918-1DD6-4BDD-9DE2-64A83CC13884): 0
LogDevObjectVersion:   Dev-LoadTimes (C2A15278-BFE7-4AFE-6C17-90FF531DF755): 1
LogDevObjectVersion:   Private-Geometry (6EACA3D4-40EC-4CC1-B786-8BED09428FC5): 1
LogDevObjectVersion:   Dev-AnimPhys (29E575DD-E0A3-4627-9D10-D276232CDCEA): 3
LogInit: Compiled (64-bit): May 31 2017 02:03:30
LogInit: Compiled with Visual C++: 19.00.24215.01
LogInit: Build Configuration: Development
LogInit: Branch Name: ++UE4+Release-4.16
LogInit: Command line:  
LogInit: Base directory: C:/Program Files/Epic Games/UE_4.16/Engine/Binaries/Win64/
LogInit: Installed Engine Build: 1
LogInit: Presizing for max 8388607 objects, including 0 objects not considered by GC, pre-allocating 0 bytes for permanent pool.
LogInit: Object subsystem initialized
[2017.06.26-05.23.59:751][  0]LogInit: Selected Device Profile: [Windows]
[2017.06.26-05.23.59:751][  0]LogInit: Applying CVar settings loaded from the selected device profile: [Windows]
[2017.06.26-05.23.59:785][  0]LogInit: Computer: SHAKARAX-PC
[2017.06.26-05.23.59:785][  0]LogInit: User: Shakarax
[2017.06.26-05.23.59:785][  0]LogInit: CPU Page size=4096, Cores=4
[2017.06.26-05.23.59:785][  0]LogInit: High frequency timer resolution =3.328127 MHz
[2017.06.26-05.23.59:785][  0]LogMemory: Memory total: Physical=16.0GB (16GB approx)
[2017.06.26-05.23.59:785][  0]LogMemory: Platform Memory Stats for Windows
[2017.06.26-05.23.59:785][  0]LogMemory: Process Physical Memory: 274.05 MB used, 274.05 MB peak
[2017.06.26-05.23.59:785][  0]LogMemory: Process Virtual Memory: 260.89 MB used, 260.89 MB peak
[2017.06.26-05.23.59:785][  0]LogMemory: Physical Memory: 7618.49 MB used,  8720.96 MB free, 16339.46 MB total
[2017.06.26-05.23.59:785][  0]LogMemory: Virtual Memory: 638.43 MB used,  8720.96 MB free, 134217728.00 MB total
[2017.06.26-05.23.59:847][  0]LogInit: Using OS detected language (en-US).
[2017.06.26-05.23.59:847][  0]LogInit: Using OS detected locale (en-US).
[2017.06.26-05.23.59:887][  0]LogTextLocalizationManager: No specific localization for 'en-US' exists, so the 'en' localization will be used.
[2017.06.26-05.24.02:031][  0]LogD3D11RHI: D3D11 adapters:
[2017.06.26-05.24.02:062][  0]LogD3D11RHI:    0. 'NVIDIA GeForce GTX 960' (Feature Level 11_0)
[2017.06.26-05.24.02:062][  0]LogD3D11RHI:       4062/0/8169 MB DedicatedVideo/DedicatedSystem/SharedSystem, Outputs:2, VendorId:0x10de
[2017.06.26-05.24.02:063][  0]LogD3D11RHI:    1. 'Microsoft Basic Render Driver' (Feature Level 11_0)
[2017.06.26-05.24.02:063][  0]LogD3D11RHI:       0/0/8169 MB DedicatedVideo/DedicatedSystem/SharedSystem, Outputs:0, VendorId:0x1414
[2017.06.26-05.24.02:063][  0]LogD3D11RHI: Chosen D3D11 Adapter: 0
[2017.06.26-05.24.02:068][  0]LogD3D11RHI: Creating new Direct3DDevice
[2017.06.26-05.24.02:068][  0]LogD3D11RHI:     GPU DeviceId: 0x1401 (for the marketing name, search the web for "GPU Device Id")
[2017.06.26-05.24.02:068][  0]LogWindows: EnumDisplayDevices:
[2017.06.26-05.24.02:068][  0]LogWindows:    0. 'NVIDIA GeForce GTX 960' (P:1 D:1)
[2017.06.26-05.24.02:068][  0]LogWindows:    1. 'NVIDIA GeForce GTX 960' (P:0 D:1)
[2017.06.26-05.24.02:068][  0]LogWindows:    2. 'NVIDIA GeForce GTX 960' (P:0 D:0)
[2017.06.26-05.24.02:068][  0]LogWindows:    3. 'NVIDIA GeForce GTX 960' (P:0 D:0)
[2017.06.26-05.24.02:068][  0]LogWindows: DebugString: FoundDriverCount:4 
[2017.06.26-05.24.02:068][  0]LogD3D11RHI:     Adapter Name: NVIDIA GeForce GTX 960
[2017.06.26-05.24.02:068][  0]LogD3D11RHI:   Driver Version: 382.05 (internal:22.21.13.8205, unified:382.05)
[2017.06.26-05.24.02:068][  0]LogD3D11RHI:      Driver Date: 5-1-2017
[2017.06.26-05.24.02:068][  0]LogRHI: Texture pool is 1361 MB (70% of 1945 MB)
[2017.06.26-05.24.02:090][  0]LogD3D11RHI: Async texture creation enabled
[2017.06.26-05.24.02:099][  0]LogD3D11RHI: GPU Timing Frequency: 1000.000000 (Debug: 2 1)
[2017.06.26-05.24.02:101][  0]LogShaderCompilers: Guid format shader working directory is -9 characters bigger than the processId version (F:/Users/Shakarax/Documents/GitHub/Transient/TransientGame/Intermediate/Shaders/WorkingDirectory/6972/).
[2017.06.26-05.24.02:101][  0]LogShaderCompilers: Cleaned the shader compiler working directory 'C:/Users/Shakarax/AppData/Local/Temp/UnrealShaderWorkingDir/0E707B7C40C1C1F9C26FCF9E0DEDCA58/'.
[2017.06.26-05.24.02:101][  0]LogShaderCompilers:Display: Using Local Shader Compiler.
[2017.06.26-05.24.03:083][  0]LogTemp:Display: Loaded TP AllDesktopTargetPlatform
[2017.06.26-05.24.03:122][  0]LogTemp:Display: Loaded TP MacClientTargetPlatform
[2017.06.26-05.24.03:159][  0]LogTemp:Display: Loaded TP MacNoEditorTargetPlatform
[2017.06.26-05.24.03:197][  0]LogTemp:Display: Loaded TP MacServerTargetPlatform
[2017.06.26-05.24.03:239][  0]LogTemp:Display: Loaded TP MacTargetPlatform
[2017.06.26-05.24.03:277][  0]LogTemp:Display: Loaded TP WindowsClientTargetPlatform
[2017.06.26-05.24.03:315][  0]LogTemp:Display: Loaded TP WindowsNoEditorTargetPlatform
[2017.06.26-05.24.03:353][  0]LogTemp:Display: Loaded TP WindowsServerTargetPlatform
[2017.06.26-05.24.03:386][  0]LogTemp:Display: Loaded TP WindowsTargetPlatform
[2017.06.26-05.24.03:425][  0]LogTemp:Display: Loaded TP AndroidTargetPlatform
[2017.06.26-05.24.03:463][  0]LogTemp:Display: Loaded TP Android_ASTCTargetPlatform
[2017.06.26-05.24.03:501][  0]LogTemp:Display: Loaded TP Android_ATCTargetPlatform
[2017.06.26-05.24.03:538][  0]LogTemp:Display: Loaded TP Android_DXTTargetPlatform
[2017.06.26-05.24.03:575][  0]LogTemp:Display: Loaded TP Android_ETC1TargetPlatform
[2017.06.26-05.24.03:612][  0]LogTemp:Display: Loaded TP Android_ETC2TargetPlatform
[2017.06.26-05.24.03:690][  0]LogTemp:Display: Loaded TP Android_MultiTargetPlatform
[2017.06.26-05.24.03:690][  0]LogTemp:Display: Loaded TP Android_PVRTCTargetPlatform
[2017.06.26-05.24.03:720][  0]LogTemp:Display: Loaded TP HTML5TargetPlatform
[2017.06.26-05.24.03:799][  0]LogTemp:Display: Loaded TP IOSTargetPlatform
[2017.06.26-05.24.03:822][  0]LogTemp:Display: Loaded TP TVOSTargetPlatform
[2017.06.26-05.24.03:861][  0]LogTemp:Display: Loaded TP LinuxClientTargetPlatform
[2017.06.26-05.24.03:898][  0]LogTemp:Display: Loaded TP LinuxNoEditorTargetPlatform
[2017.06.26-05.24.03:935][  0]LogTemp:Display: Loaded TP LinuxServerTargetPlatform
[2017.06.26-05.24.03:974][  0]LogTemp:Display: Loaded TP LinuxTargetPlatform
[2017.06.26-05.24.03:975][  0]LogTargetPlatformManager:Display: Building Assets For Windows
[2017.06.26-05.24.04:360][  0]LogDerivedDataCache:Display: Max Cache Size: 512 MB
[2017.06.26-05.24.04:661][  0]LogDerivedDataCache: Loaded boot cache 0.30s 90MB C:/Users/Shakarax/AppData/Local/UnrealEngine/4.16/DerivedDataCache/Boot.ddc.
[2017.06.26-05.24.04:661][  0]LogDerivedDataCache:Display: Loaded Boot cache: C:/Users/Shakarax/AppData/Local/UnrealEngine/4.16/DerivedDataCache/Boot.ddc
[2017.06.26-05.24.04:661][  0]LogDerivedDataCache: FDerivedDataBackendGraph:  Pak pak cache file F:/Users/Shakarax/Documents/GitHub/Transient/TransientGame/DerivedDataCache/DDC.ddp not found, will not use a pak cache.
[2017.06.26-05.24.04:661][  0]LogDerivedDataCache: Unable to find inner node Pak for hierarchical cache Hierarchy.
[2017.06.26-05.24.04:661][  0]LogDerivedDataCache: FDerivedDataBackendGraph:  CompressedPak pak cache file F:/Users/Shakarax/Documents/GitHub/Transient/TransientGame/DerivedDataCache/Compressed.ddp not found, will not use a pak cache.
[2017.06.26-05.24.04:661][  0]LogDerivedDataCache: Unable to find inner node CompressedPak for hierarchical cache Hierarchy.
[2017.06.26-05.24.04:681][  0]LogDerivedDataCache:Display: Pak cache opened for reading ../../../Engine/DerivedDataCache/Compressed.ddp.
[2017.06.26-05.24.04:693][  0]LogDerivedDataCache: Using Local data cache path C:/Users/Shakarax/AppData/Local/UnrealEngine/Common/DerivedDataCache: Writable
[2017.06.26-05.24.04:700][  0]LogMaterial: Verifying Global Shaders for PCD3D_SM5
[2017.06.26-05.24.04:701][  0]LogSlate: Using Freetype 2.6.0
[2017.06.26-05.24.04:711][  0]LogSlate: SlateFontCache - WITH_FREETYPE: 1, WITH_HARFBUZZ: 1
[2017.06.26-05.24.04:711][  0]LogSlate: SlateFontCache - WITH_FREETYPE: 1, WITH_HARFBUZZ: 1
[2017.06.26-05.24.05:121][  0]LogInit: Selected Device Profile: [Windows]
[2017.06.26-05.24.05:177][  0]LogContentStreaming: Texture pool size is 0.00 MB
[2017.06.26-05.24.05:302][  0]LogMeshUtilities: Using QuadricMeshReduction for automatic static mesh reduction
[2017.06.26-05.24.05:336][  0]LogSimplygon: Simplygon DLL not present - disabling.
[2017.06.26-05.24.05:372][  0]LogMeshUtilities: Using SimplygonSwarm for distributed automatic mesh merging
[2017.06.26-05.24.05:372][  0]LogMeshUtilities: No automatic skeletal mesh reduction module available
[2017.06.26-05.24.05:372][  0]LogMeshUtilities: No automatic mesh merging module available
[2017.06.26-05.24.05:803][  0]LogNetVersion: TransientGame , NetCL: 3452394, EngineNetVer: 2, GameNetVer: 0 (Checksum: 1482295171)
[2017.06.26-05.24.05:854][  0]LogAssetRegistry: FAssetRegistry took 0.0243 seconds to start up
[2017.06.26-05.24.05:908][  0]LogPackageLocalizationCache: Processed 4 localized package path(s) for 2 prioritized culture(s) in 0.036666 seconds
[2017.06.26-05.24.05:913][  0]LogUObjectArray: 34194 objects as part of root set at end of initial load.
[2017.06.26-05.24.05:913][  0]LogUObjectAllocator: 7260416 out of 0 bytes used by permanent object pool.
[2017.06.26-05.24.05:913][  0]LogUObjectArray: CloseDisregardForGC: 0/0 objects in disregard for GC pool
[2017.06.26-05.24.05:961][  0]LogInit: WinSock: version 1.1 (2.2), MaxSocks=32767, MaxUdp=65467
[2017.06.26-05.24.08:973][  0]LogTcpMessaging: Initializing TcpMessaging bridge
[2017.06.26-05.24.09:006][  0]LogUdpMessaging: Initializing bridge on interface 0.0.0.0:0 to multicast group 230.0.0.1:6666.
[2017.06.26-05.24.09:428][  0]LogMaterial: Uniform references updated for custom material expression Custom.
[2017.06.26-05.24.09:736][  0]SourceControl: Info Source control is disabled
[2017.06.26-05.24.09:759][  0]SourceControl: Info Source control is disabled
[2017.06.26-05.24.09:795][  0]SourceControl: Info Source control is disabled
[2017.06.26-05.24.09:830][  0]SourceControl: Info Source control is disabled
[2017.06.26-05.24.10:353][  0]LogAndroidPermission: UAndroidPermissionCallbackProxy::GetInstance
[2017.06.26-05.24.10:810][  0]LogEngine: Initializing Engine...
[2017.06.26-05.24.10:810][  0]LogHMD: Failed to initialize OpenVR with code 110
[2017.06.26-05.24.10:966][  0]LogStats: UGameplayTagsManager::ConstructGameplayTagTree: Construct from data asset -  0.000 s
[2017.06.26-05.24.10:966][  0]LogStats: UGameplayTagsManager::ConstructGameplayTagTree: GameplayTagTreeChangedEvent.Broadcast -  0.000 s
[2017.06.26-05.24.11:065][  0]LogAIModule: Creating AISystem for world Untitled
[2017.06.26-05.24.11:072][  0]LogInit: XAudio2 using 'Speakers (Bose USB Audio)' : 6 channels at 48 kHz using 16 bits per sample (channel mask 0x60f)
[2017.06.26-05.24.11:080][  0]LogInit: FAudioDevice initialized.
[2017.06.26-05.24.11:114][  0]LogDerivedDataCache: Saved boot cache 0.03s 90MB C:/Users/Shakarax/AppData/Local/UnrealEngine/4.16/DerivedDataCache/Boot.ddc.
[2017.06.26-05.24.11:126][  0]LogInit: Texture streaming: Enabled
[2017.06.26-05.24.11:201][  0]LogEngineSessionManager: EngineSessionManager initialized
[2017.06.26-05.24.11:370][  0]LogInit: Transaction tracking system initialized
[2017.06.26-05.24.11:606][  0]BlueprintLog: New page: Editor Load
[2017.06.26-05.24.12:319][  0]LocalizationService: Info Localization service is disabled
[2017.06.26-05.24.12:842][  0]LogConsoleResponse:Display: 
[2017.06.26-05.24.13:066][  0]LogCook:Display: Max memory allowance for cook 16384mb min free memory 0mb
[2017.06.26-05.24.13:066][  0]LogCook:Display: Mobile HDR setting 1
[2017.06.26-05.24.13:876][  0]LogFileCache: Scanning file cache for directory 'F:/Users/Shakarax/Documents/GitHub/Transient/TransientGame/Content/' took 0.02s
[2017.06.26-05.24.13:876][  0]SourceControl: Info Source control is disabled
[2017.06.26-05.24.13:877][  0]Cmd: MAP LOAD FILE="F:/Users/Shakarax/Documents/GitHub/Transient/TransientGame/Content/SideScrollerBP/Maps/SideScrollerExampleMap.umap" TEMPLATE=0 SHOWPROGRESS=1 FEATURELEVEL=3
[2017.06.26-05.24.13:904][  0]LightingResults: New page: Lighting Build
[2017.06.26-05.24.13:934][  0]MapCheck: New page: Map Check
[2017.06.26-05.24.13:934][  0]LightingResults: New page: Lighting Build
[2017.06.26-05.24.14:348][  0]LogAIModule: Creating AISystem for world SideScrollerExampleMap
[2017.06.26-05.24.14:359][  0]LogEditorServer: Finished looking for orphan Actors (0.000 secs)
[2017.06.26-05.24.14:381][  0]Cmd: MAP CHECKDEP NOCLEARLOG
[2017.06.26-05.24.14:417][  0]MapCheck: Info Map check complete: 0 Error(s), 0 Warning(s), took 35.513ms to complete.
[2017.06.26-05.24.14:417][  0]LogFileHelpers: Loading map 'SideScrollerExampleMap' took 0.540
[2017.06.26-05.24.14:551][  0]LogCollectionManager: Loaded 0 collections in 0.001057 seconds
[2017.06.26-05.24.14:620][  0]LogFileCache: Scanning file cache for directory 'F:/Users/Shakarax/Documents/GitHub/Transient/TransientGame/Saved/Collections/' took 0.01s
[2017.06.26-05.24.14:620][  0]LogFileCache: Scanning file cache for directory 'F:/Users/Shakarax/Documents/GitHub/Transient/TransientGame/Content/Developers/Shakarax/Collections/' took 0.01s
[2017.06.26-05.24.14:620][  0]LogFileCache: Scanning file cache for directory 'F:/Users/Shakarax/Documents/GitHub/Transient/TransientGame/Content/Collections/' took 0.01s
[2017.06.26-05.24.14:620][  0]LogCollectionManager: Rebuilt the GUID cache for 0 collections in 0.000001 seconds
[2017.06.26-05.24.14:628][  0]LogContentBrowser: Native class hierarchy populated in 0.0077 seconds. Added 2329 classes and 491 folders.
[2017.06.26-05.24.14:679][  0]LogContentBrowser: Native class hierarchy updated for 'WidgetCarousel' in 0.0004 seconds. Added 0 classes and 0 folders.
[2017.06.26-05.24.14:923][  0]LogContentBrowser: Native class hierarchy updated for 'AddContentDialog' in 0.0004 seconds. Added 0 classes and 0 folders.
[2017.06.26-05.24.14:956][  0]LogContentBrowser: Native class hierarchy updated for 'SceneOutliner' in 0.0005 seconds. Added 1 classes and 2 folders.
[2017.06.26-05.24.14:989][  0]LogCrashTracker: Crashtracker disabled due to settings.
[2017.06.26-05.24.14:996][  0]LogSlate: Took 0.003918 seconds to synchronously load lazily loaded font '../../../Engine/Content/Slate/Fonts/Roboto-Regular.ttf' (155K)
[2017.06.26-05.24.15:001][  0]LogSlate: Took 0.003489 seconds to synchronously load lazily loaded font '../../../Engine/Content/Slate/Fonts/Roboto-Bold.ttf' (160K)
[2017.06.26-05.24.15:010][  0]LogSlate: Took 0.004379 seconds to synchronously load lazily loaded font '../../../Engine/Content/Editor/Slate/Fonts/FontAwesome.ttf' (139K)
[2017.06.26-05.24.15:105][  0]LogRenderer: Reallocating scene render targets to support 1208x576 NumSamples 1 (Frame:1).
[2017.06.26-05.24.15:289][  0]LogContentBrowser: Native class hierarchy updated for 'HierarchicalLODOutliner' in 0.0005 seconds. Added 1 classes and 2 folders.
[2017.06.26-05.24.15:289][  0]LogLoad: (Engine Initialization) Total time: 17.70 seconds
[2017.06.26-05.24.15:289][  0]LogLoad: (Engine Initialization) Total Blueprint compile time: 0.11 seconds
[2017.06.26-05.24.15:289][  0]LogExternalProfiler: Found external profiler: VSPerf
[2017.06.26-05.24.15:290][  0]LogExternalProfiler: Using external profiler: VSPerf
[2017.06.26-05.24.15:629][  0]LogOcInput: OculusInput pre-init called
[2017.06.26-05.24.15:629][  0]LogHMD: Starting GearVRController plugin
[2017.06.26-05.24.15:641][  0]LogAssetRegistry: Asset discovery search completed in 9.8078 seconds
[2017.06.26-05.24.15:642][  0]LogCollectionManager: Rebuilt the object cache for 0 collections in 0.000001 seconds (found 0 objects)
[2017.06.26-05.24.15:642][  0]LogCollectionManager: Fixed up redirectors for 0 collections in 0.000020 seconds (updated 0 objects)
[2017.06.26-05.24.15:644][  0]LogContentStreaming: Texture pool size now 1000 MB
[2017.06.26-05.24.22:179][308]LogSlate: Took 0.000108 seconds to synchronously load lazily loaded font '../../../Engine/Content/Slate/Fonts/Roboto-Light.ttf' (159K)
[2017.06.26-05.24.22:193][308]Cmd: MAP LOAD FILE="F:/Users/Shakarax/Documents/GitHub/Transient/TransientGame/Content/SideScrollerBP/Maps/SideScrollerExampleMap.umap" TEMPLATE=0 SHOWPROGRESS=1 FEATURELEVEL=3
[2017.06.26-05.24.22:193][308]LightingResults: New page: Lighting Build
[2017.06.26-05.24.22:193][308]LoadErrors: New page: Loading map: SideScrollerExampleMap.umap
[2017.06.26-05.24.22:194][308]MapCheck: New page: Map Check
[2017.06.26-05.24.22:194][308]LightingResults: New page: Lighting Build
[2017.06.26-05.24.22:219][308]LogAIModule: Creating AISystem for world SideScrollerExampleMap
[2017.06.26-05.24.22:223][308]LogEditorServer: Finished looking for orphan Actors (0.000 secs)
[2017.06.26-05.24.22:244][308]Cmd: MAP CHECKDEP NOCLEARLOG
[2017.06.26-05.24.22:281][308]MapCheck: Info Map check complete: 0 Error(s), 0 Warning(s), took 36.317ms to complete.
[2017.06.26-05.24.22:282][308]LogFileHelpers: Loading map 'SideScrollerExampleMap' took 0.089
[2017.06.26-05.24.36:240][934]LogContentBrowser: Native class hierarchy updated for 'BlueprintGraph' in 0.0007 seconds. Added 112 classes and 0 folders.
[2017.06.26-05.24.36:703][934]LogSlate: Took 0.000105 seconds to synchronously load lazily loaded font '../../../Engine/Content/Slate/Fonts/Roboto-Regular.ttf' (155K)
[2017.06.26-05.24.36:787][934]LogSlate: Took 0.003291 seconds to synchronously load lazily loaded font '../../../Engine/Content/Editor/Slate/Fonts/Roboto-BoldCondensed.ttf' (158K)
[2017.06.26-05.24.36:892][935]LogSlate: Took 0.003957 seconds to synchronously load lazily loaded font '../../../Engine/Content/Editor/Slate/Fonts/Roboto-Italic.ttf' (157K)
[2017.06.26-05.33.25:002][461]LogEditorTransaction: Undo Paste clipboard contents
[2017.06.26-05.33.25:019][461]LogSlate: Took 0.000173 seconds to synchronously load lazily loaded font '../../../Engine/Content/Slate/Fonts/Roboto-Light.ttf' (159K)
[2017.06.26-05.34.21:842][695]LogSavePackage: Save=136.92ms
[2017.06.26-05.34.21:842][695]LogSavePackage: Moving 'F:/Users/Shakarax/Documents/GitHub/Transient/TransientGame/Saved/SideScrollerExampleMap_Auto18971AFF94860B3B0F47FDF9CD4F92E4E.tmp' to 'F:/Users/Shakarax/Documents/GitHub/Transient/TransientGame/Saved/Autosaves/Game/SideScrollerBP/Maps/SideScrollerExampleMap_Auto1.umap'
[2017.06.26-05.34.21:842][695]LogSavePackage:Display: Finished SavePackage F:/Users/Shakarax/Documents/GitHub/Transient/TransientGame/Saved/Autosaves/Game/SideScrollerBP/Maps/SideScrollerExampleMap_Auto1.umap
[2017.06.26-05.34.21:844][695]LogFileHelpers: Editor autosave (incl. sublevels) for '/Game/SideScrollerBP/Maps/SideScrollerExampleMap' took 0.180
[2017.06.26-05.34.21:844][695]LogFileHelpers: Editor autosave (incl. sublevels) for all levels took 0.180
[2017.06.26-05.34.21:845][695]OBJ SavePackage: Generating thumbnails for [1] asset(s) in package [/Game/SideScrollerBP/Blueprints/SideScrollerCharacter] ([1] browsable assets)...
[2017.06.26-05.34.21:856][695]OBJ SavePackage:     Rendered thumbnail for [Blueprint /Game/SideScrollerBP/Blueprints/SideScrollerCharacter.SideScrollerCharacter]
[2017.06.26-05.34.21:856][695]OBJ SavePackage: Finished generating thumbnails for package [/Game/SideScrollerBP/Blueprints/SideScrollerCharacter]
[2017.06.26-05.34.21:891][695]LogSavePackage: Save=30.38ms
[2017.06.26-05.34.21:891][695]LogSavePackage: Moving 'F:/Users/Shakarax/Documents/GitHub/Transient/TransientGame/Saved/SideScrollerCharacter_Auto18ABCD7554A79E1266C82DF98DEAEF63B.tmp' to 'F:/Users/Shakarax/Documents/GitHub/Transient/TransientGame/Saved/Autosaves/Game/SideScrollerBP/Blueprints/SideScrollerCharacter_Auto1.uasset'
[2017.06.26-05.34.21:892][695]LogSavePackage:Display: Finished SavePackage F:/Users/Shakarax/Documents/GitHub/Transient/TransientGame/Saved/Autosaves/Game/SideScrollerBP/Blueprints/SideScrollerCharacter_Auto1.uasset
[2017.06.26-05.34.21:892][695]LogFileHelpers: Auto-saving content packages took 0.048
[2017.06.26-07.21.27:946][323]LogSavePackage: Save=145.49ms
[2017.06.26-07.21.27:946][323]LogSavePackage: Moving 'F:/Users/Shakarax/Documents/GitHub/Transient/TransientGame/Saved/SideScrollerExampleMapAE0438D04F14290D8A6C8E90231DE796.tmp' to 'F:/Users/Shakarax/Documents/GitHub/Transient/TransientGame/Content/SideScrollerBP/Maps/SideScrollerExampleMap.umap'
[2017.06.26-07.21.27:951][323]LogSavePackage:Display: Finished SavePackage F:/Users/Shakarax/Documents/GitHub/Transient/TransientGame/Content/SideScrollerBP/Maps/SideScrollerExampleMap.umap
[2017.06.26-07.21.27:978][323]LogFileHelpers: Saving map 'SideScrollerExampleMap' took 0.252
[2017.06.26-07.21.28:034][323]LogSavePackage: Save=34.45ms
[2017.06.26-07.21.28:034][323]LogSavePackage: Moving 'F:/Users/Shakarax/Documents/GitHub/Transient/TransientGame/Saved/SideScrollerCharacter973E659E456CE74A629DC9B775DAA2DC.tmp' to 'F:/Users/Shakarax/Documents/GitHub/Transient/TransientGame/Content/SideScrollerBP/Blueprints/SideScrollerCharacter.uasset'
[2017.06.26-07.21.28:050][323]LogSavePackage:Display: Finished SavePackage F:/Users/Shakarax/Documents/GitHub/Transient/TransientGame/Content/SideScrollerBP/Blueprints/SideScrollerCharacter.uasset
[2017.06.26-07.31.32:201][ 92]LogSavePackage: Save=114.23ms
[2017.06.26-07.31.32:201][ 92]LogSavePackage: Moving 'F:/Users/Shakarax/Documents/GitHub/Transient/TransientGame/Saved/SideScrollerExampleMap_Auto290D3087A497977056F0FEE9DAB009EF1.tmp' to 'F:/Users/Shakarax/Documents/GitHub/Transient/TransientGame/Saved/Autosaves/Game/SideScrollerBP/Maps/SideScrollerExampleMap_Auto2.umap'
[2017.06.26-07.31.32:201][ 92]LogSavePackage:Display: Finished SavePackage F:/Users/Shakarax/Documents/GitHub/Transient/TransientGame/Saved/Autosaves/Game/SideScrollerBP/Maps/SideScrollerExampleMap_Auto2.umap
[2017.06.26-07.31.32:203][ 92]LogFileHelpers: Editor autosave (incl. sublevels) for '/Game/SideScrollerBP/Maps/SideScrollerExampleMap' took 0.144
[2017.06.26-07.31.32:203][ 92]LogFileHelpers: Editor autosave (incl. sublevels) for all levels took 0.144
[2017.06.26-07.31.32:206][ 92]OBJ SavePackage: Generating thumbnails for [1] asset(s) in package [/Game/SideScrollerBP/Blueprints/SideScrollerCharacter] ([1] browsable assets)...
[2017.06.26-07.31.32:224][ 92]OBJ SavePackage:     Rendered thumbnail for [Blueprint /Game/SideScrollerBP/Blueprints/SideScrollerCharacter.SideScrollerCharacter]
[2017.06.26-07.31.32:224][ 92]OBJ SavePackage: Finished generating thumbnails for package [/Game/SideScrollerBP/Blueprints/SideScrollerCharacter]
[2017.06.26-07.31.32:300][ 92]LogSavePackage: Save=36.24ms
[2017.06.26-07.31.32:300][ 92]LogSavePackage: Moving 'F:/Users/Shakarax/Documents/GitHub/Transient/TransientGame/Saved/SideScrollerCharacter_Auto23508AE0140A68E8B55A305BF3E850E6C.tmp' to 'F:/Users/Shakarax/Documents/GitHub/Transient/TransientGame/Saved/Autosaves/Game/SideScrollerBP/Blueprints/SideScrollerCharacter_Auto2.uasset'
[2017.06.26-07.31.32:301][ 92]LogSavePackage:Display: Finished SavePackage F:/Users/Shakarax/Documents/GitHub/Transient/TransientGame/Saved/Autosaves/Game/SideScrollerBP/Blueprints/SideScrollerCharacter_Auto2.uasset
[2017.06.26-07.31.32:301][ 92]LogFileHelpers: Auto-saving content packages took 0.095
[2017.06.26-07.33.31:644][437]LogRenderer: Reallocating scene render targets to support 1208x900 NumSamples 1 (Frame:1).
[2017.06.26-07.35.58:095][259]LogEditorTransaction: Undo Paste clipboard contents
[2017.06.26-07.36.01:412][651]LogEditorTransaction: Undo Delete current selection
[2017.06.26-07.40.07:100][596]LogSlate: Took 0.004295 seconds to synchronously load lazily loaded font '../../../Engine/Content/Editor/Slate/Fonts/Roboto-BoldCondensedItalic.ttf' (160K)
[2017.06.26-07.44.13:450][874]LogSavePackage: Save=136.77ms
[2017.06.26-07.44.13:450][874]LogSavePackage: Moving 'F:/Users/Shakarax/Documents/GitHub/Transient/TransientGame/Saved/SideScrollerExampleMap_Auto335661EEF4562CCF3F75353A55470A86A.tmp' to 'F:/Users/Shakarax/Documents/GitHub/Transient/TransientGame/Saved/Autosaves/Game/SideScrollerBP/Maps/SideScrollerExampleMap_Auto3.umap'
[2017.06.26-07.44.13:450][874]LogSavePackage:Display: Finished SavePackage F:/Users/Shakarax/Documents/GitHub/Transient/TransientGame/Saved/Autosaves/Game/SideScrollerBP/Maps/SideScrollerExampleMap_Auto3.umap
[2017.06.26-07.44.13:451][874]LogFileHelpers: Editor autosave (incl. sublevels) for '/Game/SideScrollerBP/Maps/SideScrollerExampleMap' took 0.170
[2017.06.26-07.44.13:451][874]LogFileHelpers: Editor autosave (incl. sublevels) for all levels took 0.170
[2017.06.26-07.44.13:452][874]OBJ SavePackage: Generating thumbnails for [1] asset(s) in package [/Game/SideScrollerBP/Blueprints/SideScrollerCharacter] ([1] browsable assets)...
[2017.06.26-07.44.13:464][874]OBJ SavePackage:     Rendered thumbnail for [Blueprint /Game/SideScrollerBP/Blueprints/SideScrollerCharacter.SideScrollerCharacter]
[2017.06.26-07.44.13:464][874]OBJ SavePackage: Finished generating thumbnails for package [/Game/SideScrollerBP/Blueprints/SideScrollerCharacter]
[2017.06.26-07.44.13:504][874]LogSavePackage: Save=35.49ms
[2017.06.26-07.44.13:504][874]LogSavePackage: Moving 'F:/Users/Shakarax/Documents/GitHub/Transient/TransientGame/Saved/SideScrollerCharacter_Auto34504651F45E28B45A81B08AF89A35B89.tmp' to 'F:/Users/Shakarax/Documents/GitHub/Transient/TransientGame/Saved/Autosaves/Game/SideScrollerBP/Blueprints/SideScrollerCharacter_Auto3.uasset'
[2017.06.26-07.44.13:506][874]LogSavePackage:Display: Finished SavePackage F:/Users/Shakarax/Documents/GitHub/Transient/TransientGame/Saved/Autosaves/Game/SideScrollerBP/Blueprints/SideScrollerCharacter_Auto3.uasset
[2017.06.26-07.44.13:506][874]LogFileHelpers: Auto-saving content packages took 0.055
[2017.06.26-07.44.22:278][512]LogSavePackage: Save=111.27ms
[2017.06.26-07.44.22:278][512]LogSavePackage: Moving 'F:/Users/Shakarax/Documents/GitHub/Transient/TransientGame/Saved/SideScrollerExampleMapF0BDCC85479F58E435E6E7918F916F6B.tmp' to 'F:/Users/Shakarax/Documents/GitHub/Transient/TransientGame/Content/SideScrollerBP/Maps/SideScrollerExampleMap.umap'
[2017.06.26-07.44.22:282][512]LogSavePackage:Display: Finished SavePackage F:/Users/Shakarax/Documents/GitHub/Transient/TransientGame/Content/SideScrollerBP/Maps/SideScrollerExampleMap.umap
[2017.06.26-07.44.22:298][512]LogFileHelpers: Saving map 'SideScrollerExampleMap' took 0.187
[2017.06.26-07.44.22:328][512]LogSavePackage: Save=27.32ms
[2017.06.26-07.44.22:328][512]LogSavePackage: Moving 'F:/Users/Shakarax/Documents/GitHub/Transient/TransientGame/Saved/SideScrollerCharacter2EB24C9D46EBC6749648FCBD450285A7.tmp' to 'F:/Users/Shakarax/Documents/GitHub/Transient/TransientGame/Content/SideScrollerBP/Blueprints/SideScrollerCharacter.uasset'
[2017.06.26-07.44.22:330][512]LogSavePackage:Display: Finished SavePackage F:/Users/Shakarax/Documents/GitHub/Transient/TransientGame/Content/SideScrollerBP/Blueprints/SideScrollerCharacter.uasset
[2017.06.26-07.44.24:168][717]LogWindowsTextInputMethodSystem:Display: IME system now deactivated.
[2017.06.26-07.44.24:332][718]Cmd: QUIT_EDITOR
[2017.06.26-07.44.24:355][718]LogExit: Preparing to exit.
[2017.06.26-07.44.25:615][718]LogExit: Editor shut down
[2017.06.26-07.44.25:637][718]LogExit: Transaction tracking system shut down
[2017.06.26-07.44.25:761][718]LogObj: Freed 0b from 0 cluster array pools.
[2017.06.26-07.44.25:762][718]LogExit: Object subsystem successfully closed.
[2017.06.26-07.44.25:785][718]LogD3D11RHI: Shutdown
[2017.06.26-07.44.25:786][718]LogD3D11RHI: CleanupD3DDevice
[2017.06.26-07.44.25:844][718]LogD3D11RHI: ~FD3D11DynamicRHI
[2017.06.26-07.44.25:859][718]LogModuleManager: Shutting down and abandoning module BlueprintGraph (528)
[2017.06.26-07.44.25:859][718]LogModuleManager: Shutting down and abandoning module BlueprintProfiler (526)
[2017.06.26-07.44.25:859][718]LogModuleManager: Shutting down and abandoning module HierarchicalLODOutliner (524)
[2017.06.26-07.44.25:859][718]LogModuleManager: Shutting down and abandoning module CrashTracker (522)
[2017.06.26-07.44.25:859][718]LogModuleManager: Shutting down and abandoning module SceneOutliner (520)
[2017.06.26-07.44.25:859][718]LogModuleManager: Shutting down and abandoning module AddContentDialog (518)
[2017.06.26-07.44.25:859][718]LogDirectoryWatcher: A directory notification for 'C:/Program Files/Epic Games/UE_4.16/FeaturePacks/' was aborted.
[2017.06.26-07.44.25:863][718]LogModuleManager: Shutting down and abandoning module WidgetCarousel (517)
[2017.06.26-07.44.25:863][718]LogModuleManager: Shutting down and abandoning module EditorWidgets (514)
[2017.06.26-07.44.25:863][718]LogModuleManager: Shutting down and abandoning module CollectionManager (512)
[2017.06.26-07.44.25:863][718]LogDirectoryWatcher: A directory notification for 'F:/Users/Shakarax/Documents/GitHub/Transient/TransientGame/Content/Collections/' was aborted.
[2017.06.26-07.44.25:863][718]LogDirectoryWatcher: A directory notification for 'F:/Users/Shakarax/Documents/GitHub/Transient/TransientGame/Content/Developers/Shakarax/Collections/' was aborted.
[2017.06.26-07.44.25:863][718]LogDirectoryWatcher: A directory notification for 'F:/Users/Shakarax/Documents/GitHub/Transient/TransientGame/Saved/Collections/' was aborted.
[2017.06.26-07.44.25:863][718]LogModuleManager: Shutting down and abandoning module StatsViewer (510)
[2017.06.26-07.44.25:863][718]LogModuleManager: Shutting down and abandoning module FoliageEdit (508)
[2017.06.26-07.44.25:863][718]LogModuleManager: Shutting down and abandoning module LandscapeEditor (506)
[2017.06.26-07.44.25:863][718]LogModuleManager: Shutting down and abandoning module MeshPaintMode (504)
[2017.06.26-07.44.25:863][718]LogModuleManager: Shutting down and abandoning module SceneDepthPickerMode (502)
[2017.06.26-07.44.25:863][718]LogModuleManager: Shutting down and abandoning module ActorPickerMode (500)
[2017.06.26-07.44.25:863][718]LogModuleManager: Shutting down and abandoning module GeometryMode (498)
[2017.06.26-07.44.25:863][718]LogModuleManager: Shutting down and abandoning module TextureAlignMode (496)
[2017.06.26-07.44.25:863][718]LogModuleManager: Shutting down and abandoning module BspMode (494)
[2017.06.26-07.44.25:863][718]LogModuleManager: Shutting down and abandoning module HardwareSurvey (492)
[2017.06.26-07.44.25:863][718]LogModuleManager: Shutting down and abandoning module SequenceRecorderSections (490)
[2017.06.26-07.44.25:863][718]LogModuleManager: Shutting down and abandoning module AutomationWorker (488)
[2017.06.26-07.44.25:863][718]LogModuleManager: Shutting down and abandoning module MatineeToLevelSequence (486)
[2017.06.26-07.44.25:863][718]LogModuleManager: Shutting down and abandoning module LevelSequenceEditor (484)
[2017.06.26-07.44.25:864][718]LogModuleManager: Shutting down and abandoning module PlacementMode (483)
[2017.06.26-07.44.25:864][718]LogModuleManager: Shutting down and abandoning module WmfMediaFactory (480)
[2017.06.26-07.44.25:864][718]LogModuleManager: Shutting down and abandoning module WmfMediaEditor (478)
[2017.06.26-07.44.25:864][718]LogModuleManager: Shutting down and abandoning module AvfMediaFactory (476)
[2017.06.26-07.44.25:864][718]LogModuleManager: Shutting down and abandoning module AvfMediaEditor (474)
[2017.06.26-07.44.25:864][718]LogModuleManager: Shutting down and abandoning module AndroidMediaFactory (472)
[2017.06.26-07.44.25:864][718]LogModuleManager: Shutting down and abandoning module Media (471)
[2017.06.26-07.44.25:864][718]LogModuleManager: Shutting down and abandoning module AndroidMediaEditor (468)
[2017.06.26-07.44.25:864][718]LogModuleManager: Shutting down and abandoning module CharacterAI (466)
[2017.06.26-07.44.25:864][718]LogModuleManager: Shutting down and abandoning module AudioCapture (464)
[2017.06.26-07.44.25:864][718]LogModuleManager: Shutting down and abandoning module SequenceRecorder (463)
[2017.06.26-07.44.25:864][718]LogModuleManager: Shutting down and abandoning module SmartSnapping (460)
[2017.06.26-07.44.25:864][718]LogModuleManager: Shutting down and abandoning module SessionServices (458)
[2017.06.26-07.44.25:864][718]LogModuleManager: Shutting down and abandoning module ViewportSnapping (456)
[2017.06.26-07.44.25:864][718]LogModuleManager: Shutting down and abandoning module ViewportInteraction (454)
[2017.06.26-07.44.25:864][718]LogModuleManager: Shutting down and abandoning module ClothPainter (452)
[2017.06.26-07.44.25:864][718]LogModuleManager: Shutting down and abandoning module LogVisualizer (450)
[2017.06.26-07.44.25:864][718]LogModuleManager: Shutting down and abandoning module IntroTutorials (448)
[2017.06.26-07.44.25:864][718]LogModuleManager: Shutting down and abandoning module GameProjectGeneration (447)
[2017.06.26-07.44.25:864][718]LogModuleManager: Shutting down and abandoning module EditorLiveStreaming (444)
[2017.06.26-07.44.25:864][718]LogModuleManager: Shutting down and abandoning module IOSPlatformEditor (442)
[2017.06.26-07.44.25:864][718]LogModuleManager: Shutting down and abandoning module HTML5PlatformEditor (440)
[2017.06.26-07.44.25:864][718]LogModuleManager: Shutting down and abandoning module AndroidPlatformEditor (438)
[2017.06.26-07.44.25:864][718]LogModuleManager: Shutting down and abandoning module AndroidDeviceDetection (437)
[2017.06.26-07.44.26:472][718]LogModuleManager: Shutting down and abandoning module IOSRuntimeSettings (434)
[2017.06.26-07.44.26:472][718]LogModuleManager: Shutting down and abandoning module AndroidRuntimeSettings (432)
[2017.06.26-07.44.26:472][718]LogModuleManager: Shutting down and abandoning module InputBindingEditor (430)
[2017.06.26-07.44.26:472][718]LogModuleManager: Shutting down and abandoning module MergeActors (428)
[2017.06.26-07.44.26:472][718]LogModuleManager: Shutting down and abandoning module SizeMap (426)
[2017.06.26-07.44.26:472][718]LogModuleManager: Shutting down and abandoning module TreeMap (424)
[2017.06.26-07.44.26:472][718]LogModuleManager: Shutting down and abandoning module ReferenceViewer (422)
[2017.06.26-07.44.26:472][718]LogModuleManager: Shutting down and abandoning module LocalizationDashboard (420)
[2017.06.26-07.44.26:472][718]LogModuleManager: Shutting down and abandoning module LocalizationService (419)
[2017.06.26-07.44.26:472][718]LogModuleManager: Shutting down and abandoning module HardwareTargeting (416)
[2017.06.26-07.44.26:472][718]LogModuleManager: Shutting down and abandoning module DeviceProfileEditor (414)
[2017.06.26-07.44.26:472][718]LogModuleManager: Shutting down and abandoning module UndoHistory (412)
[2017.06.26-07.44.26:472][718]LogModuleManager: Shutting down and abandoning module UserFeedback (410)
[2017.06.26-07.44.26:472][718]LogModuleManager: Shutting down and abandoning module XmlParser (408)
[2017.06.26-07.44.26:472][718]LogModuleManager: Shutting down and abandoning module Blutility (406)
[2017.06.26-07.44.26:472][718]LogModuleManager: Shutting down and abandoning module ProjectSettingsViewer (404)
[2017.06.26-07.44.26:472][718]LogModuleManager: Shutting down and abandoning module ProjectTargetPlatformEditor (403)
[2017.06.26-07.44.26:472][718]LogModuleManager: Shutting down and abandoning module EditorSettingsViewer (400)
[2017.06.26-07.44.26:472][718]LogModuleManager: Shutting down and abandoning module SettingsEditor (398)
[2017.06.26-07.44.26:472][718]LogModuleManager: Shutting down and abandoning module ProjectLauncher (396)
[2017.06.26-07.44.26:472][718]LogModuleManager: Shutting down and abandoning module SessionFrontend (394)
[2017.06.26-07.44.26:473][718]LogModuleManager: Shutting down and abandoning module ProfilerClient (392)
[2017.06.26-07.44.26:473][718]LogModuleManager: Shutting down and abandoning module DeviceManager (390)
[2017.06.26-07.44.26:473][718]LogModuleManager: Shutting down and abandoning module TargetDeviceServices (389)
[2017.06.26-07.44.26:534][718]LogModuleManager: Shutting down and abandoning module AutomationController (386)
[2017.06.26-07.44.26:534][718]LogModuleManager: Shutting down and abandoning module AutomationWindow (384)
[2017.06.26-07.44.26:534][718]LogModuleManager: Shutting down and abandoning module Layers (382)
[2017.06.26-07.44.26:534][718]LogModuleManager: Shutting down and abandoning module ComponentVisualizers (380)
[2017.06.26-07.44.26:534][718]LogModuleManager: Shutting down and abandoning module DetailCustomizations (378)
[2017.06.26-07.44.26:534][718]LogModuleManager: Shutting down and abandoning module PackagesDialog (376)
[2017.06.26-07.44.26:534][718]LogModuleManager: Shutting down and abandoning module Persona (374)
[2017.06.26-07.44.26:534][718]LogModuleManager: Shutting down and abandoning module AdvancedPreviewScene (373)
[2017.06.26-07.44.26:534][718]LogModuleManager: Shutting down and abandoning module AnimGraph (371)
[2017.06.26-07.44.26:534][718]LogModuleManager: Shutting down and abandoning module Kismet (368)
[2017.06.26-07.44.26:541][718]LogModuleManager: Shutting down and abandoning module ClassViewer (366)
[2017.06.26-07.44.26:542][718]LogModuleManager: Shutting down and abandoning module Toolbox (364)
[2017.06.26-07.44.26:542][718]LogModuleManager: Shutting down and abandoning module ModuleUI (362)
[2017.06.26-07.44.26:542][718]LogModuleManager: Shutting down and abandoning module MovieSceneTools (360)
[2017.06.26-07.44.26:542][718]LogModuleManager: Shutting down and abandoning module OutputLog (358)
[2017.06.26-07.44.26:542][718]LogModuleManager: Shutting down and abandoning module GammaUI (356)
[2017.06.26-07.44.26:542][718]LogModuleManager: Shutting down and abandoning module Documentation (354)
[2017.06.26-07.44.26:543][718]LogModuleManager: Shutting down and abandoning module MovieSceneTracks (352)
[2017.06.26-07.44.26:543][718]LogModuleManager: Shutting down and abandoning module MovieScene (350)
[2017.06.26-07.44.26:543][718]LogModuleManager: Shutting down and abandoning module Niagara (348)
[2017.06.26-07.44.26:543][718]LogModuleManager: Shutting down and abandoning module NiagaraEditor (347)
[2017.06.26-07.44.26:543][718]LogModuleManager: Shutting down and abandoning module StreamingPauseRendering (344)
[2017.06.26-07.44.26:543][718]LogModuleManager: Shutting down and abandoning module AnalyticsET (342)
[2017.06.26-07.44.26:543][718]LogModuleManager: Shutting down and abandoning module PortalServices (340)
[2017.06.26-07.44.26:543][718]LogModuleManager: Shutting down and abandoning module PortalRpc (338)
[2017.06.26-07.44.26:543][718]LogModuleManager: Shutting down and abandoning module MessagingRpc (336)
[2017.06.26-07.44.26:543][718]LogModuleManager: Shutting down and abandoning module AIModule (334)
[2017.06.26-07.44.26:543][718]LogModuleManager: Shutting down and abandoning module GameplayDebugger (333)
[2017.06.26-07.44.26:543][718]LogModuleManager: Shutting down and abandoning module AITestSuite (331)
[2017.06.26-07.44.26:543][718]LogModuleManager: Shutting down and abandoning module ProfilerService (328)
[2017.06.26-07.44.26:551][718]LogModuleManager: Shutting down and abandoning module TaskGraph (326)
[2017.06.26-07.44.26:551][718]LogModuleManager: Shutting down and abandoning module SteamVRController (324)
[2017.06.26-07.44.26:551][718]LogModuleManager: Shutting down and abandoning module SteamVR (322)
[2017.06.26-07.44.26:551][718]LogModuleManager: Shutting down and abandoning module ProceduralMeshComponentEditor (320)
[2017.06.26-07.44.26:551][718]LogModuleManager: Shutting down and abandoning module ProceduralMeshComponent (318)
[2017.06.26-07.44.26:551][718]LogModuleManager: Shutting down and abandoning module OculusLibrary (316)
[2017.06.26-07.44.26:551][718]LogModuleManager: Shutting down and abandoning module OculusInput (314)
[2017.06.26-07.44.26:551][718]LogModuleManager: Shutting down and abandoning module MobilePatchingUtils (312)
[2017.06.26-07.44.26:551][718]LogModuleManager: Shutting down and abandoning module CustomMeshComponent (310)
[2017.06.26-07.44.26:551][718]LogModuleManager: Shutting down and abandoning module CableComponent (308)
[2017.06.26-07.44.26:551][718]LogModuleManager: Shutting down and abandoning module ArchVisCharacter (306)
[2017.06.26-07.44.26:551][718]LogModuleManager: Shutting down and abandoning module AndroidPermission (304)
[2017.06.26-07.44.26:551][718]LogModuleManager: Shutting down and abandoning module MediaPlayerEditor (300)
[2017.06.26-07.44.26:551][718]LogModuleManager: Shutting down and abandoning module HTML5Networking (298)
[2017.06.26-07.44.26:551][718]LogModuleManager: Shutting down and abandoning module AlembicImporter (296)
[2017.06.26-07.44.26:551][718]LogModuleManager: Shutting down and abandoning module AlembicLibrary (295)
[2017.06.26-07.44.26:551][718]LogModuleManager: Shutting down and abandoning module GeometryCache (294)
[2017.06.26-07.44.26:551][718]LogModuleManager: Shutting down and abandoning module GeometryCacheEd (293)
[2017.06.26-07.44.26:551][718]LogModuleManager: Shutting down and abandoning module SuperSearchEditor (288)
[2017.06.26-07.44.26:551][718]LogModuleManager: Shutting down and abandoning module SuperSearch (287)
[2017.06.26-07.44.26:551][718]LogModuleManager: Shutting down and abandoning module SpeedTreeImporter (284)
[2017.06.26-07.44.26:551][718]LogModuleManager: Shutting down and abandoning module PluginBrowser (282)
[2017.06.26-07.44.26:551][718]LogModuleManager: Shutting down and abandoning module MobileLauncherProfileWizard (280)
[2017.06.26-07.44.26:551][718]LogModuleManager: Shutting down and abandoning module VisualStudioSourceCodeAccess (278)
[2017.06.26-07.44.26:551][718]LogModuleManager: Shutting down and abandoning module DesktopPlatform (277)
[2017.06.26-07.44.26:551][718]LogModuleManager: Shutting down and abandoning module UObjectPlugin (274)
[2017.06.26-07.44.26:551][718]LogModuleManager: Shutting down and abandoning module SubversionSourceControl (272)
[2017.06.26-07.44.26:551][718]LogModuleManager: Shutting down and abandoning module PerforceSourceControl (270)
[2017.06.26-07.44.26:551][718]LogModuleManager: Shutting down and abandoning module GitSourceControl (268)
[2017.06.26-07.44.26:551][718]LogModuleManager: Shutting down and abandoning module SourceControl (267)
[2017.06.26-07.44.26:552][718]LogModuleManager: Shutting down and abandoning module LightPropagationVolumeEditor (264)
[2017.06.26-07.44.26:552][718]LogModuleManager: Shutting down and abandoning module PaperTiledImporter (262)
[2017.06.26-07.44.26:552][718]LogModuleManager: Shutting down and abandoning module PaperSpriteSheetImporter (260)
[2017.06.26-07.44.26:552][718]LogModuleManager: Shutting down and abandoning module Paper2DEditor (258)
[2017.06.26-07.44.26:552][718]LogModuleManager: Shutting down and abandoning module MeshPaint (257)
[2017.06.26-07.44.26:552][718]LogModuleManager: Shutting down and abandoning module LevelEditor (255)
[2017.06.26-07.44.26:553][718]LogModuleManager: Shutting down and abandoning module PixelInspectorModule (254)
[2017.06.26-07.44.26:553][718]LogModuleManager: Shutting down and abandoning module MainFrame (252)
[2017.06.26-07.44.26:553][718]LogModuleManager: Shutting down and abandoning module HotReload (251)
[2017.06.26-07.44.26:553][718]LogModuleManager: Shutting down and abandoning module PhysXVehiclesEditor (246)
[2017.06.26-07.44.26:553][718]LogModuleManager: Shutting down and abandoning module PhysXVehicles (244)
[2017.06.26-07.44.26:553][718]LogModuleManager: Shutting down and abandoning module LocationServicesBPLibrary (242)
[2017.06.26-07.44.26:553][718]LogModuleManager: Shutting down and abandoning module ImmediatePhysicsEditor (240)
[2017.06.26-07.44.26:553][718]LogModuleManager: Shutting down and abandoning module ImmediatePhysics (238)
[2017.06.26-07.44.26:553][718]LogModuleManager: Shutting down and abandoning module UdpMessaging (236)
[2017.06.26-07.44.26:654][718]LogModuleManager: Shutting down and abandoning module TcpMessaging (234)
[2017.06.26-07.44.26:754][718]LogModuleManager: Shutting down and abandoning module GameplayTagsEditor (232)
[2017.06.26-07.44.26:754][718]LogModuleManager: Shutting down and abandoning module FacialAnimationEditor (230)
[2017.06.26-07.44.26:754][718]LogModuleManager: Shutting down and abandoning module FacialAnimation (228)
[2017.06.26-07.44.26:754][718]LogModuleManager: Shutting down and abandoning module AssetManagerEditor (226)
[2017.06.26-07.44.26:754][718]LogModuleManager: Shutting down and abandoning module GraphEditor (225)
[2017.06.26-07.44.26:754][718]LogModuleManager: Shutting down and abandoning module ContentBrowser (223)
[2017.06.26-07.44.26:755][718]LogModuleManager: Shutting down and abandoning module LightPropagationVolumeRuntime (220)
[2017.06.26-07.44.26:755][718]LogModuleManager: Shutting down and abandoning module Paper2D (218)
[2017.06.26-07.44.26:755][718]LogModuleManager: Shutting down and abandoning module WindowsMoviePlayer (216)
[2017.06.26-07.44.26:755][718]LogModuleManager: Shutting down and abandoning module WmfMedia (214)
[2017.06.26-07.44.26:755][718]LogModuleManager: Shutting down and abandoning module ClothingSystemEditor (212)
[2017.06.26-07.44.26:755][718]LogModuleManager: Shutting down and abandoning module ClothingSystemRuntime (210)
[2017.06.26-07.44.26:755][718]LogModuleManager: Shutting down and abandoning module MediaAssets (208)
[2017.06.26-07.44.26:755][718]LogModuleManager: Shutting down and abandoning module GameLiveStreaming (206)
[2017.06.26-07.44.26:755][718]LogModuleManager: Shutting down and abandoning module VREditor (204)
[2017.06.26-07.44.26:755][718]LogModuleManager: Shutting down and abandoning module StringTableEditor (202)
[2017.06.26-07.44.26:755][718]LogModuleManager: Shutting down and abandoning module GameplayTasksEditor (200)
[2017.06.26-07.44.26:755][718]LogModuleManager: Shutting down and abandoning module BehaviorTreeEditor (198)
[2017.06.26-07.44.26:755][718]LogModuleManager: Shutting down and abandoning module FunctionalTesting (196)
[2017.06.26-07.44.26:755][718]LogModuleManager: Shutting down and abandoning module CollisionAnalyzer (194)
[2017.06.26-07.44.26:755][718]LogModuleManager: Shutting down and abandoning module UMG (192)
[2017.06.26-07.44.26:755][718]LogModuleManager: Shutting down and abandoning module UMGEditor (191)
[2017.06.26-07.44.26:755][718]LogModuleManager: Shutting down and abandoning module Sequencer (190)
[2017.06.26-07.44.26:756][718]LogModuleManager: Shutting down and abandoning module AssetTools (188)
[2017.06.26-07.44.26:756][718]LogModuleManager: Shutting down and abandoning module MessageLog (187)
[2017.06.26-07.44.26:756][718]LogModuleManager: Shutting down and abandoning module WorkspaceMenuStructure (186)
[2017.06.26-07.44.26:756][718]LogModuleManager: Shutting down and abandoning module SlateReflector (180)
[2017.06.26-07.44.26:756][718]LogModuleManager: Shutting down and abandoning module Slate (178)
[2017.06.26-07.44.26:756][718]LogModuleManager: Shutting down and abandoning module EditorStyle (176)
[2017.06.26-07.44.26:758][718]LogModuleManager: Shutting down and abandoning module SourceCodeAccess (174)
[2017.06.26-07.44.26:758][718]LogModuleManager: Shutting down and abandoning module HeadMountedDisplay (172)
[2017.06.26-07.44.26:758][718]LogModuleManager: Shutting down and abandoning module XAudio2 (170)
[2017.06.26-07.44.26:758][718]LogModuleManager: Shutting down and abandoning module Networking (168)
[2017.06.26-07.44.26:758][718]LogModuleManager: Shutting down and abandoning module Core (164)
[2017.06.26-07.44.26:758][718]LogModuleManager: Shutting down and abandoning module AssetRegistry (162)
[2017.06.26-07.44.26:915][718]LogDirectoryWatcher: A directory notification for '../../../Engine/Content/' was aborted.
[2017.06.26-07.44.26:915][718]LogDirectoryWatcher: A directory notification for 'F:/Users/Shakarax/Documents/GitHub/Transient/TransientGame/Content/' was aborted.
[2017.06.26-07.44.26:915][718]LogDirectoryWatcher: A directory notification for '../../../Engine/Plugins/2D/Paper2D/Content/' was aborted.
[2017.06.26-07.44.26:915][718]LogDirectoryWatcher: A directory notification for '../../../Engine/Plugins/Runtime/GearVR/Content/' was aborted.
[2017.06.26-07.44.26:919][718]LogModuleManager: Shutting down and abandoning module DirectoryWatcher (161)
[2017.06.26-07.44.26:922][718]LogModuleManager: Shutting down and abandoning module KismetCompiler (158)
[2017.06.26-07.44.26:922][718]LogModuleManager: Shutting down and abandoning module LevelSequence (156)
[2017.06.26-07.44.26:922][718]LogModuleManager: Shutting down and abandoning module PhysXFormats (154)
[2017.06.26-07.44.26:922][718]LogModuleManager: Shutting down and abandoning module MeshUtilities (152)
[2017.06.26-07.44.26:922][718]LogModuleManager: Shutting down and abandoning module SimplygonSwarm (151)
[2017.06.26-07.44.26:922][718]LogModuleManager: Shutting down and abandoning module SimplygonMeshReduction (149)
[2017.06.26-07.44.26:922][718]LogModuleManager: Shutting down and abandoning module QuadricMeshReduction (147)
[2017.06.26-07.44.26:922][718]LogModuleManager: Shutting down and abandoning module DerivedDataCache (144)
[2017.06.26-07.44.26:984][718]LogDerivedDataCache: Shutdown
[2017.06.26-07.44.26:984][718]LogModuleManager: Shutting down and abandoning module TargetPlatform (142)
[2017.06.26-07.44.26:984][718]LogModuleManager: Shutting down and abandoning module VulkanShaderFormat (141)
[2017.06.26-07.44.26:984][718]LogModuleManager: Shutting down and abandoning module ShaderFormatVectorVM (139)
[2017.06.26-07.44.26:984][718]LogModuleManager: Shutting down and abandoning module ShaderFormatOpenGL (137)
[2017.06.26-07.44.26:984][718]LogModuleManager: Shutting down and abandoning module ShaderFormatD3D (135)
[2017.06.26-07.44.26:984][718]LogModuleManager: Shutting down and abandoning module MetalShaderFormat (133)
[2017.06.26-07.44.26:984][718]LogModuleManager: Shutting down and abandoning module TextureFormatUncompressed (131)
[2017.06.26-07.44.26:984][718]LogModuleManager: Shutting down and abandoning module TextureFormatPVR (129)
[2017.06.26-07.44.26:984][718]LogModuleManager: Shutting down and abandoning module TextureFormatDXT (127)
[2017.06.26-07.44.26:984][718]LogModuleManager: Shutting down and abandoning module TextureFormatIntelISPCTexComp (125)
[2017.06.26-07.44.26:985][718]LogModuleManager: Shutting down and abandoning module TextureFormatASTC (123)
[2017.06.26-07.44.26:985][718]LogModuleManager: Shutting down and abandoning module ImageWrapper (122)
[2017.06.26-07.44.26:985][718]LogModuleManager: Shutting down and abandoning module TextureFormatAndroid (119)
[2017.06.26-07.44.26:985][718]LogModuleManager: Shutting down and abandoning module AudioFormatOpus (117)
[2017.06.26-07.44.26:985][718]LogModuleManager: Shutting down and abandoning module AudioFormatOgg (115)
[2017.06.26-07.44.26:985][718]LogModuleManager: Shutting down and abandoning module AudioFormatADPCM (113)
[2017.06.26-07.44.26:985][718]LogModuleManager: Shutting down and abandoning module LinuxTargetPlatform (111)
[2017.06.26-07.44.26:985][718]LogModuleManager: Shutting down and abandoning module LinuxServerTargetPlatform (109)
[2017.06.26-07.44.26:985][718]LogModuleManager: Shutting down and abandoning module LinuxNoEditorTargetPlatform (107)
[2017.06.26-07.44.26:985][718]LogModuleManager: Shutting down and abandoning module LinuxClientTargetPlatform (105)
[2017.06.26-07.44.26:985][718]LogModuleManager: Shutting down and abandoning module TVOSTargetPlatform (103)
[2017.06.26-07.44.26:985][718]LogModuleManager: Shutting down and abandoning module Messaging (101)
[2017.06.26-07.44.26:985][718]LogModuleManager: Shutting down and abandoning module IOSTargetPlatform (99)
[2017.06.26-07.44.26:985][718]LogModuleManager: Shutting down and abandoning module HTML5TargetPlatform (97)
[2017.06.26-07.44.26:985][718]LogModuleManager: Shutting down and abandoning module Android_PVRTCTargetPlatform (95)
[2017.06.26-07.44.26:985][718]LogModuleManager: Shutting down and abandoning module Android_MultiTargetPlatform (93)
[2017.06.26-07.44.26:985][718]LogModuleManager: Shutting down and abandoning module Android_ETC2TargetPlatform (91)
[2017.06.26-07.44.26:985][718]LogModuleManager: Shutting down and abandoning module Android_ETC1TargetPlatform (89)
[2017.06.26-07.44.26:985][718]LogModuleManager: Shutting down and abandoning module Android_DXTTargetPlatform (87)
[2017.06.26-07.44.26:985][718]LogModuleManager: Shutting down and abandoning module Android_ATCTargetPlatform (85)
[2017.06.26-07.44.26:985][718]LogModuleManager: Shutting down and abandoning module Android_ASTCTargetPlatform (83)
[2017.06.26-07.44.26:985][718]LogModuleManager: Shutting down and abandoning module AndroidTargetPlatform (81)
[2017.06.26-07.44.26:985][718]LogModuleManager: Shutting down and abandoning module WindowsTargetPlatform (79)
[2017.06.26-07.44.26:985][718]LogModuleManager: Shutting down and abandoning module WindowsServerTargetPlatform (77)
[2017.06.26-07.44.26:985][718]LogModuleManager: Shutting down and abandoning module WindowsNoEditorTargetPlatform (75)
[2017.06.26-07.44.26:985][718]LogModuleManager: Shutting down and abandoning module WindowsClientTargetPlatform (73)
[2017.06.26-07.44.26:985][718]LogModuleManager: Shutting down and abandoning module MacTargetPlatform (71)
[2017.06.26-07.44.26:985][718]LogModuleManager: Shutting down and abandoning module MacServerTargetPlatform (69)
[2017.06.26-07.44.26:985][718]LogModuleManager: Shutting down and abandoning module MacNoEditorTargetPlatform (67)
[2017.06.26-07.44.26:985][718]LogModuleManager: Shutting down and abandoning module MacClientTargetPlatform (65)
[2017.06.26-07.44.26:985][718]LogModuleManager: Shutting down and abandoning module AllDesktopTargetPlatform (63)
[2017.06.26-07.44.26:985][718]LogModuleManager: Shutting down and abandoning module InputCore (60)
[2017.06.26-07.44.26:985][718]LogModuleManager: Shutting down and abandoning module Settings (58)
[2017.06.26-07.44.26:985][718]LogModuleManager: Shutting down and abandoning module OculusRift (56)
[2017.06.26-07.44.26:985][718]LogModuleManager: Shutting down and abandoning module GearVRController (54)
[2017.06.26-07.44.26:985][718]LogModuleManager: Shutting down and abandoning module GearVR (52)
[2017.06.26-07.44.26:985][718]LogModuleManager: Shutting down and abandoning module ExampleDeviceProfileSelector (50)
[2017.06.26-07.44.26:985][718]LogModuleManager: Shutting down and abandoning module OnlineBlueprintSupport (48)
[2017.06.26-07.44.26:985][718]LogModuleManager: Shutting down and abandoning module OnlineSubsystem (44)
[2017.06.26-07.44.26:985][718]LogOnline:Display: Unloading online subsystem: NULL
[2017.06.26-07.44.26:985][718]LogModuleManager: Shutting down and abandoning module XMPP (43)
[2017.06.26-07.44.26:985][718]LogModuleManager: Shutting down and abandoning module HTTP (41)
[2017.06.26-07.44.26:985][718]LogHttp:Display: Http module shutting down, but needs to wait on 1 outstanding Http requests:
[2017.06.26-07.44.26:985][718]LogHttp:Display: 	verb=[POST] url=[https://datarouter.ol.epicgames.com/datarouter/api/v1/public/data?SessionID=%7BC1126900-49B4-D185-5052-CC9621AA254B%7D&AppID=UEEditor.Rocket.Release&AppVersion=4.16.1-3466753%2B%2B%2BUE4%2BRelease-4.16&UserID=b4b5f1ab4f48de1ad2ffb4bd21168f35%7Ccc64a75ecad1436db3f710ee0b0a7dd5%7Cf3f7cff5-7a6b-4f6b-ac94-3f08f1222a4a&AppEnvironment=datacollector-binary&UploadType=eteventstream] status=Processing
[2017.06.26-07.44.27:009][718]LogModuleManager: Shutting down and abandoning module SSL (40)
[2017.06.26-07.44.27:010][718]LogModuleManager: Shutting down and abandoning module HTTPChunkInstaller (36)
[2017.06.26-07.44.27:010][718]LogModuleManager: Shutting down and abandoning module AnimationModifiers (34)
[2017.06.26-07.44.27:010][718]LogModuleManager: Shutting down and abandoning module PropertyEditor (33)
[2017.06.26-07.44.27:010][718]LogModuleManager: Shutting down and abandoning module AudioEditor (30)
[2017.06.26-07.44.27:010][718]LogModuleManager: Shutting down and abandoning module TextureCompressor (28)
[2017.06.26-07.44.27:011][718]LogModuleManager: Shutting down and abandoning module ShaderCore (26)
[2017.06.26-07.44.27:011][718]LogModuleManager: Shutting down and abandoning module Landscape (24)
[2017.06.26-07.44.27:011][718]LogModuleManager: Shutting down and abandoning module SlateRHIRenderer (22)
[2017.06.26-07.44.27:014][718]LogModuleManager: Shutting down and abandoning module OpenGLDrv (20)
[2017.06.26-07.44.27:014][718]LogModuleManager: Shutting down and abandoning module D3D11RHI (18)
[2017.06.26-07.44.27:014][718]LogModuleManager: Shutting down and abandoning module AnimGraphRuntime (16)
[2017.06.26-07.44.27:014][718]LogModuleManager: Shutting down and abandoning module Renderer (14)
[2017.06.26-07.44.27:014][718]LogModuleManager: Shutting down and abandoning module Engine (12)
[2017.06.26-07.44.27:014][718]LogModuleManager: Shutting down and abandoning module CoreUObject (10)
[2017.06.26-07.44.27:014][718]LogModuleManager: Shutting down and abandoning module NetworkFile (8)
[2017.06.26-07.44.27:014][718]LogModuleManager: Shutting down and abandoning module StreamingFile (6)
[2017.06.26-07.44.27:014][718]LogModuleManager: Shutting down and abandoning module SandboxFile (4)
[2017.06.26-07.44.27:014][718]LogModuleManager: Shutting down and abandoning module PakFile (2)
[2017.06.26-07.44.27:015][718]LogExit: Exiting.
[2017.06.26-07.44.27:026][718]Log file closed, 06/26/17 00:44:27
