Log file open, 07/01/17 20:39:38
LogInit:Display: Running engine for game: TransientGame
LogPlatformFile: Not using cached read wrapper
LogInit:Display: RandInit(-1101211394) SRandInit(-1101211394).
LogTaskGraph: Started task graph with 5 named threads and 8 total threads with 1 sets of task threads.
LogStats: Stats thread started at 0.079277
LogInit: Using libcurl 7.47.1
LogInit:  - built for x86_64-pc-win32
LogInit:  - supports SSL with OpenSSL/1.0.2g
LogInit:  - supports HTTP deflate (compression) using libz 1.2.8
LogInit:  - other features:
LogInit:      CURL_VERSION_SSL
LogInit:      CURL_VERSION_LIBZ
LogInit:      CURL_VERSION_IPV6
LogInit:      CURL_VERSION_ASYNCHDNS
LogInit:      CURL_VERSION_LARGEFILE
LogInit:      CURL_VERSION_IDN
LogInit:  CurlRequestOptions (configurable via config and command line):
LogInit:  - bVerifyPeer = false  - Libcurl will NOT verify peer certificate
LogInit:  - bUseHttpProxy = false  - Libcurl will NOT use HTTP proxy
LogInit:  - bDontReuseConnections = false  - Libcurl will reuse connections
LogInit:  - CertBundlePath = nullptr  - Libcurl will use whatever was configured at build time.
LogInit: Build: ++UE4+Release-4.16-CL-3466753
LogInit: Engine Version: 4.16.1-3466753+++UE4+Release-4.16
LogInit: Compatible Engine Version: 4.16.0-3452394+++UE4+Release-4.16
LogInit: Net CL: 3452394
LogDevObjectVersion: Number of dev versions registered: 16
LogDevObjectVersion:   Dev-Blueprints (B0D832E4-1F89-4F0D-ACCF-7EB736FD4AA2): 9
LogDevObjectVersion:   Dev-Build (E1C64328-A22C-4D53-A36C-8E866417BD8C): 0
LogDevObjectVersion:   Dev-Core (375EC13C-06E4-48FB-B500-84F0262A717E): 2
LogDevObjectVersion:   Dev-Editor (E4B068ED-F494-42E9-A231-DA0B2E46BB41): 17
LogDevObjectVersion:   Dev-Framework (CFFC743F-43B0-4480-9391-14DF171D2073): 23
LogDevObjectVersion:   Dev-Mobile (B02B49B5-BB20-44E9-A304-32B752E40360): 0
LogDevObjectVersion:   Dev-Networking (A4E4105C-59A1-49B5-A7C5-40C4547EDFEE): 0
LogDevObjectVersion:   Dev-Online (39C831C9-5AE6-47DC-9A44-9C173E1C8E7C): 0
LogDevObjectVersion:   Dev-Physics (78F01B33-EBEA-4F98-B9B4-84EACCB95AA2): 0
LogDevObjectVersion:   Dev-Platform (6631380F-2D4D-43E0-8009-CF276956A95A): 0
LogDevObjectVersion:   Dev-Rendering (12F88B9F-8875-4AFC-A67C-D90C383ABD29): 15
LogDevObjectVersion:   Dev-Sequencer (7B5AE74C-D270-4C10-A958-57980B212A5A): 4
LogDevObjectVersion:   Dev-VR (D7296918-1DD6-4BDD-9DE2-64A83CC13884): 0
LogDevObjectVersion:   Dev-LoadTimes (C2A15278-BFE7-4AFE-6C17-90FF531DF755): 1
LogDevObjectVersion:   Private-Geometry (6EACA3D4-40EC-4CC1-B786-8BED09428FC5): 1
LogDevObjectVersion:   Dev-AnimPhys (29E575DD-E0A3-4627-9D10-D276232CDCEA): 3
LogInit: Compiled (64-bit): May 31 2017 02:03:30
LogInit: Compiled with Visual C++: 19.00.24215.01
LogInit: Build Configuration: Development
LogInit: Branch Name: ++UE4+Release-4.16
LogInit: Command line: -EpicPortal 
LogInit: Base directory: C:/Program Files/Epic Games/UE_4.16/Engine/Binaries/Win64/
LogInit: Installed Engine Build: 1
LogInit: Presizing for max 8388607 objects, including 0 objects not considered by GC, pre-allocating 0 bytes for permanent pool.
LogInit: Object subsystem initialized
[2017.07.02-03.39.39:332][  0]LogInit: Selected Device Profile: [Windows]
[2017.07.02-03.39.39:332][  0]LogInit: Applying CVar settings loaded from the selected device profile: [Windows]
[2017.07.02-03.39.39:354][  0]LogInit: Computer: SHAKARAX-PC
[2017.07.02-03.39.39:354][  0]LogInit: User: Shakarax
[2017.07.02-03.39.39:354][  0]LogInit: CPU Page size=4096, Cores=4
[2017.07.02-03.39.39:354][  0]LogInit: High frequency timer resolution =3.328127 MHz
[2017.07.02-03.39.39:354][  0]LogMemory: Memory total: Physical=16.0GB (16GB approx)
[2017.07.02-03.39.39:354][  0]LogMemory: Platform Memory Stats for Windows
[2017.07.02-03.39.39:354][  0]LogMemory: Process Physical Memory: 273.11 MB used, 273.11 MB peak
[2017.07.02-03.39.39:354][  0]LogMemory: Process Virtual Memory: 260.93 MB used, 260.93 MB peak
[2017.07.02-03.39.39:354][  0]LogMemory: Physical Memory: 8141.14 MB used,  8198.31 MB free, 16339.46 MB total
[2017.07.02-03.39.39:354][  0]LogMemory: Virtual Memory: 638.43 MB used,  8198.31 MB free, 134217728.00 MB total
[2017.07.02-03.39.39:408][  0]LogInit: Using OS detected language (en-US).
[2017.07.02-03.39.39:408][  0]LogInit: Using OS detected locale (en-US).
[2017.07.02-03.39.39:410][  0]LogTextLocalizationManager: No specific localization for 'en-US' exists, so the 'en' localization will be used.
[2017.07.02-03.39.40:151][  0]LogD3D11RHI: D3D11 adapters:
[2017.07.02-03.39.40:180][  0]LogD3D11RHI:    0. 'NVIDIA GeForce GTX 960' (Feature Level 11_0)
[2017.07.02-03.39.40:181][  0]LogD3D11RHI:       4062/0/8169 MB DedicatedVideo/DedicatedSystem/SharedSystem, Outputs:2, VendorId:0x10de
[2017.07.02-03.39.40:181][  0]LogD3D11RHI:    1. 'Microsoft Basic Render Driver' (Feature Level 11_0)
[2017.07.02-03.39.40:181][  0]LogD3D11RHI:       0/0/8169 MB DedicatedVideo/DedicatedSystem/SharedSystem, Outputs:0, VendorId:0x1414
[2017.07.02-03.39.40:181][  0]LogD3D11RHI: Chosen D3D11 Adapter: 0
[2017.07.02-03.39.40:187][  0]LogD3D11RHI: Creating new Direct3DDevice
[2017.07.02-03.39.40:187][  0]LogD3D11RHI:     GPU DeviceId: 0x1401 (for the marketing name, search the web for "GPU Device Id")
[2017.07.02-03.39.40:187][  0]LogWindows: EnumDisplayDevices:
[2017.07.02-03.39.40:187][  0]LogWindows:    0. 'NVIDIA GeForce GTX 960' (P:1 D:1)
[2017.07.02-03.39.40:187][  0]LogWindows:    1. 'NVIDIA GeForce GTX 960' (P:0 D:1)
[2017.07.02-03.39.40:187][  0]LogWindows:    2. 'NVIDIA GeForce GTX 960' (P:0 D:0)
[2017.07.02-03.39.40:187][  0]LogWindows:    3. 'NVIDIA GeForce GTX 960' (P:0 D:0)
[2017.07.02-03.39.40:187][  0]LogWindows: DebugString: FoundDriverCount:4 
[2017.07.02-03.39.40:187][  0]LogD3D11RHI:     Adapter Name: NVIDIA GeForce GTX 960
[2017.07.02-03.39.40:187][  0]LogD3D11RHI:   Driver Version: 382.05 (internal:22.21.13.8205, unified:382.05)
[2017.07.02-03.39.40:187][  0]LogD3D11RHI:      Driver Date: 5-1-2017
[2017.07.02-03.39.40:187][  0]LogRHI: Texture pool is 1361 MB (70% of 1945 MB)
[2017.07.02-03.39.40:209][  0]LogD3D11RHI: Async texture creation enabled
[2017.07.02-03.39.40:218][  0]LogD3D11RHI: GPU Timing Frequency: 1000.000000 (Debug: 2 1)
[2017.07.02-03.39.40:220][  0]LogShaderCompilers: Guid format shader working directory is -8 characters bigger than the processId version (F:/Users/Shakarax/Documents/GitHub/Transient/TransientGame/Intermediate/Shaders/WorkingDirectory/788/).
[2017.07.02-03.39.40:220][  0]LogShaderCompilers: Cleaned the shader compiler working directory 'C:/Users/Shakarax/AppData/Local/Temp/UnrealShaderWorkingDir/3E1D5E2A42A1860EBDFA19A1036AD66F/'.
[2017.07.02-03.39.40:220][  0]LogShaderCompilers:Display: Using Local Shader Compiler.
[2017.07.02-03.39.40:996][  0]LogTemp:Display: Loaded TP AllDesktopTargetPlatform
[2017.07.02-03.39.41:034][  0]LogTemp:Display: Loaded TP MacClientTargetPlatform
[2017.07.02-03.39.41:073][  0]LogTemp:Display: Loaded TP MacNoEditorTargetPlatform
[2017.07.02-03.39.41:111][  0]LogTemp:Display: Loaded TP MacServerTargetPlatform
[2017.07.02-03.39.41:149][  0]LogTemp:Display: Loaded TP MacTargetPlatform
[2017.07.02-03.39.41:188][  0]LogTemp:Display: Loaded TP WindowsClientTargetPlatform
[2017.07.02-03.39.41:227][  0]LogTemp:Display: Loaded TP WindowsNoEditorTargetPlatform
[2017.07.02-03.39.41:265][  0]LogTemp:Display: Loaded TP WindowsServerTargetPlatform
[2017.07.02-03.39.41:299][  0]LogTemp:Display: Loaded TP WindowsTargetPlatform
[2017.07.02-03.39.41:335][  0]LogTemp:Display: Loaded TP AndroidTargetPlatform
[2017.07.02-03.39.41:374][  0]LogTemp:Display: Loaded TP Android_ASTCTargetPlatform
[2017.07.02-03.39.41:414][  0]LogTemp:Display: Loaded TP Android_ATCTargetPlatform
[2017.07.02-03.39.41:453][  0]LogTemp:Display: Loaded TP Android_DXTTargetPlatform
[2017.07.02-03.39.41:492][  0]LogTemp:Display: Loaded TP Android_ETC1TargetPlatform
[2017.07.02-03.39.41:529][  0]LogTemp:Display: Loaded TP Android_ETC2TargetPlatform
[2017.07.02-03.39.41:606][  0]LogTemp:Display: Loaded TP Android_MultiTargetPlatform
[2017.07.02-03.39.41:606][  0]LogTemp:Display: Loaded TP Android_PVRTCTargetPlatform
[2017.07.02-03.39.41:636][  0]LogTemp:Display: Loaded TP HTML5TargetPlatform
[2017.07.02-03.39.41:711][  0]LogTemp:Display: Loaded TP IOSTargetPlatform
[2017.07.02-03.39.41:735][  0]LogTemp:Display: Loaded TP TVOSTargetPlatform
[2017.07.02-03.39.41:773][  0]LogTemp:Display: Loaded TP LinuxClientTargetPlatform
[2017.07.02-03.39.41:811][  0]LogTemp:Display: Loaded TP LinuxNoEditorTargetPlatform
[2017.07.02-03.39.41:848][  0]LogTemp:Display: Loaded TP LinuxServerTargetPlatform
[2017.07.02-03.39.41:888][  0]LogTemp:Display: Loaded TP LinuxTargetPlatform
[2017.07.02-03.39.41:888][  0]LogTargetPlatformManager:Display: Building Assets For Windows
[2017.07.02-03.39.42:268][  0]LogDerivedDataCache:Display: Max Cache Size: 512 MB
[2017.07.02-03.39.42:343][  0]LogDerivedDataCache: Loaded boot cache 0.07s 90MB C:/Users/Shakarax/AppData/Local/UnrealEngine/4.16/DerivedDataCache/Boot.ddc.
[2017.07.02-03.39.42:343][  0]LogDerivedDataCache:Display: Loaded Boot cache: C:/Users/Shakarax/AppData/Local/UnrealEngine/4.16/DerivedDataCache/Boot.ddc
[2017.07.02-03.39.42:343][  0]LogDerivedDataCache: FDerivedDataBackendGraph:  Pak pak cache file F:/Users/Shakarax/Documents/GitHub/Transient/TransientGame/DerivedDataCache/DDC.ddp not found, will not use a pak cache.
[2017.07.02-03.39.42:343][  0]LogDerivedDataCache: Unable to find inner node Pak for hierarchical cache Hierarchy.
[2017.07.02-03.39.42:343][  0]LogDerivedDataCache: FDerivedDataBackendGraph:  CompressedPak pak cache file F:/Users/Shakarax/Documents/GitHub/Transient/TransientGame/DerivedDataCache/Compressed.ddp not found, will not use a pak cache.
[2017.07.02-03.39.42:343][  0]LogDerivedDataCache: Unable to find inner node CompressedPak for hierarchical cache Hierarchy.
[2017.07.02-03.39.42:357][  0]LogDerivedDataCache:Display: Pak cache opened for reading ../../../Engine/DerivedDataCache/Compressed.ddp.
[2017.07.02-03.39.42:368][  0]LogDerivedDataCache: Using Local data cache path C:/Users/Shakarax/AppData/Local/UnrealEngine/Common/DerivedDataCache: Writable
[2017.07.02-03.39.42:376][  0]LogMaterial: Verifying Global Shaders for PCD3D_SM5
[2017.07.02-03.39.42:377][  0]LogSlate: Using Freetype 2.6.0
[2017.07.02-03.39.42:377][  0]LogSlate: SlateFontCache - WITH_FREETYPE: 1, WITH_HARFBUZZ: 1
[2017.07.02-03.39.42:377][  0]LogSlate: SlateFontCache - WITH_FREETYPE: 1, WITH_HARFBUZZ: 1
[2017.07.02-03.39.42:629][  0]LogInit: Selected Device Profile: [Windows]
[2017.07.02-03.39.42:685][  0]LogContentStreaming: Texture pool size is 0.00 MB
[2017.07.02-03.39.42:810][  0]LogMeshUtilities: Using QuadricMeshReduction for automatic static mesh reduction
[2017.07.02-03.39.42:844][  0]LogSimplygon: Simplygon DLL not present - disabling.
[2017.07.02-03.39.42:880][  0]LogMeshUtilities: Using SimplygonSwarm for distributed automatic mesh merging
[2017.07.02-03.39.42:880][  0]LogMeshUtilities: No automatic skeletal mesh reduction module available
[2017.07.02-03.39.42:880][  0]LogMeshUtilities: No automatic mesh merging module available
[2017.07.02-03.39.43:289][  0]LogNetVersion: TransientGame , NetCL: 3452394, EngineNetVer: 2, GameNetVer: 0 (Checksum: 1482295171)
[2017.07.02-03.39.43:340][  0]LogAssetRegistry: FAssetRegistry took 0.0241 seconds to start up
[2017.07.02-03.39.43:379][  0]LogPackageLocalizationCache: Processed 4 localized package path(s) for 2 prioritized culture(s) in 0.021078 seconds
[2017.07.02-03.39.43:384][  0]LogUObjectArray: 34194 objects as part of root set at end of initial load.
[2017.07.02-03.39.43:384][  0]LogUObjectAllocator: 7260424 out of 0 bytes used by permanent object pool.
[2017.07.02-03.39.43:384][  0]LogUObjectArray: CloseDisregardForGC: 0/0 objects in disregard for GC pool
[2017.07.02-03.39.43:436][  0]LogInit: WinSock: version 1.1 (2.2), MaxSocks=32767, MaxUdp=65467
[2017.07.02-03.39.45:249][  0]LogTcpMessaging: Initializing TcpMessaging bridge
[2017.07.02-03.39.45:281][  0]LogUdpMessaging: Initializing bridge on interface 0.0.0.0:0 to multicast group 230.0.0.1:6666.
[2017.07.02-03.39.45:686][  0]LogMaterial: Uniform references updated for custom material expression Custom.
[2017.07.02-03.39.45:979][  0]SourceControl: Info Source control is disabled
[2017.07.02-03.39.46:001][  0]SourceControl: Info Source control is disabled
[2017.07.02-03.39.46:036][  0]SourceControl: Info Source control is disabled
[2017.07.02-03.39.46:073][  0]SourceControl: Info Source control is disabled
[2017.07.02-03.39.46:578][  0]LogAndroidPermission: UAndroidPermissionCallbackProxy::GetInstance
[2017.07.02-03.39.47:018][  0]LogEngine: Initializing Engine...
[2017.07.02-03.39.47:018][  0]LogHMD: Failed to initialize OpenVR with code 110
[2017.07.02-03.39.47:171][  0]LogStats: UGameplayTagsManager::ConstructGameplayTagTree: Construct from data asset -  0.000 s
[2017.07.02-03.39.47:171][  0]LogStats: UGameplayTagsManager::ConstructGameplayTagTree: GameplayTagTreeChangedEvent.Broadcast -  0.000 s
[2017.07.02-03.39.47:268][  0]LogAIModule: Creating AISystem for world Untitled
[2017.07.02-03.39.47:275][  0]LogInit: XAudio2 using 'Speakers (Bose USB Audio)' : 6 channels at 48 kHz using 16 bits per sample (channel mask 0x60f)
[2017.07.02-03.39.47:282][  0]LogInit: FAudioDevice initialized.
[2017.07.02-03.39.47:318][  0]LogDerivedDataCache: Saved boot cache 0.04s 90MB C:/Users/Shakarax/AppData/Local/UnrealEngine/4.16/DerivedDataCache/Boot.ddc.
[2017.07.02-03.39.47:337][  0]LogInit: Texture streaming: Enabled
[2017.07.02-03.39.47:409][  0]LogEngineSessionManager: EngineSessionManager initialized
[2017.07.02-03.39.47:572][  0]LogInit: Transaction tracking system initialized
[2017.07.02-03.39.47:806][  0]BlueprintLog: New page: Editor Load
[2017.07.02-03.39.48:502][  0]LocalizationService: Info Localization service is disabled
[2017.07.02-03.39.49:015][  0]LogConsoleResponse:Display: 
[2017.07.02-03.39.49:125][  0]LogCook:Display: Max memory allowance for cook 16384mb min free memory 0mb
[2017.07.02-03.39.49:125][  0]LogCook:Display: Mobile HDR setting 1
[2017.07.02-03.39.49:876][  0]LogFileCache: Scanning file cache for directory 'F:/Users/Shakarax/Documents/GitHub/Transient/TransientGame/Content/' took 0.01s
[2017.07.02-03.39.49:876][  0]SourceControl: Info Source control is disabled
[2017.07.02-03.39.49:876][  0]Cmd: MAP LOAD FILE="F:/Users/Shakarax/Documents/GitHub/Transient/TransientGame/Content/SideScrollerBP/Maps/SideScrollerExampleMap.umap" TEMPLATE=0 SHOWPROGRESS=1 FEATURELEVEL=3
[2017.07.02-03.39.49:876][  0]LightingResults: New page: Lighting Build
[2017.07.02-03.39.49:907][  0]MapCheck: New page: Map Check
[2017.07.02-03.39.49:907][  0]LightingResults: New page: Lighting Build
[2017.07.02-03.39.50:151][  0]LogAIModule: Creating AISystem for world SideScrollerExampleMap
[2017.07.02-03.39.50:157][  0]LogEditorServer: Finished looking for orphan Actors (0.000 secs)
[2017.07.02-03.39.50:170][  0]Cmd: MAP CHECKDEP NOCLEARLOG
[2017.07.02-03.39.50:206][  0]MapCheck: Info Map check complete: 0 Error(s), 0 Warning(s), took 35.154ms to complete.
[2017.07.02-03.39.50:206][  0]LogFileHelpers: Loading map 'SideScrollerExampleMap' took 0.330
[2017.07.02-03.39.50:335][  0]LogCollectionManager: Loaded 0 collections in 0.001101 seconds
[2017.07.02-03.39.50:425][  0]LogFileCache: Scanning file cache for directory 'F:/Users/Shakarax/Documents/GitHub/Transient/TransientGame/Saved/Collections/' took 0.01s
[2017.07.02-03.39.50:425][  0]LogFileCache: Scanning file cache for directory 'F:/Users/Shakarax/Documents/GitHub/Transient/TransientGame/Content/Developers/Shakarax/Collections/' took 0.01s
[2017.07.02-03.39.50:425][  0]LogFileCache: Scanning file cache for directory 'F:/Users/Shakarax/Documents/GitHub/Transient/TransientGame/Content/Collections/' took 0.01s
[2017.07.02-03.39.50:425][  0]LogCollectionManager: Rebuilt the GUID cache for 0 collections in 0.000001 seconds
[2017.07.02-03.39.50:432][  0]LogContentBrowser: Native class hierarchy populated in 0.0071 seconds. Added 2329 classes and 491 folders.
[2017.07.02-03.39.50:481][  0]LogContentBrowser: Native class hierarchy updated for 'WidgetCarousel' in 0.0004 seconds. Added 0 classes and 0 folders.
[2017.07.02-03.39.50:506][  0]LogContentBrowser: Native class hierarchy updated for 'AddContentDialog' in 0.0004 seconds. Added 0 classes and 0 folders.
[2017.07.02-03.39.50:538][  0]LogContentBrowser: Native class hierarchy updated for 'SceneOutliner' in 0.0004 seconds. Added 1 classes and 2 folders.
[2017.07.02-03.39.50:599][  0]LogCrashTracker: Crashtracker disabled due to settings.
[2017.07.02-03.39.50:603][  0]LogSlate: Took 0.000150 seconds to synchronously load lazily loaded font '../../../Engine/Content/Slate/Fonts/Roboto-Regular.ttf' (155K)
[2017.07.02-03.39.50:604][  0]LogSlate: Took 0.000115 seconds to synchronously load lazily loaded font '../../../Engine/Content/Slate/Fonts/Roboto-Bold.ttf' (160K)
[2017.07.02-03.39.50:608][  0]LogSlate: Took 0.000128 seconds to synchronously load lazily loaded font '../../../Engine/Content/Editor/Slate/Fonts/FontAwesome.ttf' (139K)
[2017.07.02-03.39.50:680][  0]LogRenderer: Reallocating scene render targets to support 1152x576 NumSamples 1 (Frame:1).
[2017.07.02-03.39.50:784][  0]LogUObjectGlobals:Warning: Failed to find object 'Class None.'
[2017.07.02-03.39.50:838][  0]LogContentBrowser: Native class hierarchy updated for 'HierarchicalLODOutliner' in 0.0005 seconds. Added 1 classes and 2 folders.
[2017.07.02-03.39.50:838][  0]LogLoad: (Engine Initialization) Total time: 13.71 seconds
[2017.07.02-03.39.50:838][  0]LogLoad: (Engine Initialization) Total Blueprint compile time: 0.09 seconds
[2017.07.02-03.39.50:838][  0]LogExternalProfiler: Found external profiler: VSPerf
[2017.07.02-03.39.50:838][  0]LogExternalProfiler: Using external profiler: VSPerf
[2017.07.02-03.39.50:847][  0]LogWindowsTextInputMethodSystem:Display: IME system now deactivated.
[2017.07.02-03.39.50:848][  0]LogOcInput: OculusInput pre-init called
[2017.07.02-03.39.50:848][  0]LogHMD: Starting GearVRController plugin
[2017.07.02-03.39.50:877][  0]LogAssetRegistry: Asset discovery search completed in 7.5581 seconds
[2017.07.02-03.39.50:879][  0]LogCollectionManager: Rebuilt the object cache for 0 collections in 0.000001 seconds (found 0 objects)
[2017.07.02-03.39.50:879][  0]LogCollectionManager: Fixed up redirectors for 0 collections in 0.000028 seconds (updated 0 objects)
[2017.07.02-03.39.50:882][  0]LogContentStreaming: Texture pool size now 1000 MB
[2017.07.02-03.39.53:862][222]LogSlate: Took 0.000144 seconds to synchronously load lazily loaded font '../../../Engine/Content/Slate/Fonts/Roboto-Light.ttf' (159K)
[2017.07.02-03.39.55:930][394]LogFileCache: Retrieving MD5 hashes for directory 'F:/Users/Shakarax/Documents/GitHub/Transient/TransientGame/Content/' took 5.07s
[2017.07.02-03.39.56:901][509]AssetReimport: New page: Outstanding source content changes 1:39:56 PM
[2017.07.02-03.39.56:905][509]LogFactory: FactoryCreateFile: Texture with ReimportTextureFactory (0 0 F:/Users/Shakarax/Documents/GitHub/Transient/TransientGame/Content/UI/FROST in the desert _ title.psd)
[2017.07.02-03.39.57:071][510]LogEditorFactories: Performing atomic reimport of [F:/Users/Shakarax/Documents/GitHub/Transient/TransientGame/Content/UI/Start Screen.jpg]
[2017.07.02-03.39.57:072][510]LogFactory: FactoryCreateFile: Texture2D with ReimportTextureFactory (0 0 F:/Users/Shakarax/Documents/GitHub/Transient/TransientGame/Content/UI/Start Screen.jpg)
[2017.07.02-03.39.57:232][510]LogEditorFactories: -- imported successfully
[2017.07.02-03.39.57:256][511]LogEditorFactories: Performing atomic reimport of [F:/Users/Shakarax/Documents/GitHub/Transient/TransientGame/Content/UI/Start Screen.psd]
[2017.07.02-03.39.57:273][511]LogFactory: FactoryCreateFile: Texture2D with ReimportTextureFactory (0 0 F:/Users/Shakarax/Documents/GitHub/Transient/TransientGame/Content/UI/Start Screen.psd)
[2017.07.02-03.39.57:435][511]LogEditorFactories: -- imported successfully
[2017.07.02-03.39.57:575][512]LogEditorFactories: Performing atomic reimport of [F:/Users/Shakarax/Documents/GitHub/Transient/TransientGame/Content/UI/Start Screen (No text Boarder).jpg]
[2017.07.02-03.39.57:576][512]LogFactory: FactoryCreateFile: Texture2D with ReimportTextureFactory (0 0 F:/Users/Shakarax/Documents/GitHub/Transient/TransientGame/Content/UI/Start Screen (No text Boarder).jpg)
[2017.07.02-03.39.57:734][512]LogEditorFactories: -- imported successfully
[2017.07.02-03.39.57:755][513]LogSlate: Took 0.000138 seconds to synchronously load lazily loaded font '../../../Engine/Content/Slate/Fonts/Roboto-Light.ttf' (159K)
[2017.07.02-03.39.57:764][513]Cmd: OBJ SAVEPACKAGE PACKAGE="/Game/UI/FROST_in_the_desert___title" FILE="F:/Users/Shakarax/Documents/GitHub/Transient/TransientGame/Content/UI/FROST_in_the_desert___title.uasset" SILENT=true
[2017.07.02-03.39.57:774][513]LogSavePackage: Save=8.82ms
[2017.07.02-03.39.57:774][513]LogSavePackage: Moving 'F:/Users/Shakarax/Documents/GitHub/Transient/TransientGame/Saved/FROST_in_the_desert___titleA8928C784DE31729C5E84BB028D2A429.tmp' to 'F:/Users/Shakarax/Documents/GitHub/Transient/TransientGame/Content/UI/FROST_in_the_desert___title.uasset'
[2017.07.02-03.39.57:777][513]LogSavePackage:Display: Finished SavePackage F:/Users/Shakarax/Documents/GitHub/Transient/TransientGame/Content/UI/FROST_in_the_desert___title.uasset
[2017.07.02-03.39.57:787][513]Cmd: OBJ SAVEPACKAGE PACKAGE="/Game/UI/Start_Screen__No_text_Boarder_" FILE="F:/Users/Shakarax/Documents/GitHub/Transient/TransientGame/Content/UI/Start_Screen__No_text_Boarder_.uasset" SILENT=true
[2017.07.02-03.39.57:966][513]LogSavePackage: Save=145.51ms
[2017.07.02-03.39.57:966][513]LogSavePackage: Moving 'F:/Users/Shakarax/Documents/GitHub/Transient/TransientGame/Saved/Start_Screen__No_text_Boarder_54393ABD410E29ECCE9974B6FF0F04F3.tmp' to 'F:/Users/Shakarax/Documents/GitHub/Transient/TransientGame/Content/UI/Start_Screen__No_text_Boarder_.uasset'
[2017.07.02-03.39.57:967][513]LogSavePackage:Display: Finished SavePackage F:/Users/Shakarax/Documents/GitHub/Transient/TransientGame/Content/UI/Start_Screen__No_text_Boarder_.uasset
[2017.07.02-03.40.00:974][843]AssetReimport: Info Importing new asset /Game/UI/FROST_in_the_desert___title.
[2017.07.02-03.40.00:975][843]AssetReimport: Info Reimported asset Start_Screen from F:/Users/Shakarax/Documents/GitHub/Transient/TransientGame/Content/UI/Start Screen.jpg.
[2017.07.02-03.40.00:975][843]AssetReimport: Info Reimported asset Start_Screen from F:/Users/Shakarax/Documents/GitHub/Transient/TransientGame/Content/UI/Start Screen.psd.
[2017.07.02-03.40.00:975][843]AssetReimport: Info Reimported asset Start_Screen__No_text_Boarder_ from F:/Users/Shakarax/Documents/GitHub/Transient/TransientGame/Content/UI/Start Screen (No text Boarder).jpg.
[2017.07.02-03.40.05:735][114]LogLinker:Warning: Can't find file '/Game/SideScrollerBP/Blueprints/EndGameTriggerBP'
[2017.07.02-03.40.05:735][114]LogLinker:Warning: Can't find file for asset '/Game/SideScrollerBP/Blueprints/EndGameTriggerBP' while loading F:/Users/Shakarax/Documents/GitHub/Transient/TransientGame/Content/TransientGameLevel1.umap.
[2017.07.02-03.40.05:735][114]LoadErrors:Error: Error /Game/TransientGameLevel1 : Can't find file for asset. /Game/SideScrollerBP/Blueprints/EndGameTriggerBP
[2017.07.02-03.40.05:735][114]LogLinker:Warning: Can't find file '/Game/SideScrollerBP/Blueprints/EndGameTriggerBP'
[2017.07.02-03.40.05:735][114]LogLinker:Warning: Can't find file for asset '/Game/SideScrollerBP/Blueprints/EndGameTriggerBP' while loading F:/Users/Shakarax/Documents/GitHub/Transient/TransientGame/Content/TransientGameLevel1.umap.
[2017.07.02-03.40.05:785][114]LogLinker:Warning: Can't find file '/Game/Snow_mobile_main_texturemap'
[2017.07.02-03.40.05:785][114]LogLinker:Warning: Can't find file for asset '/Game/Snow_mobile_main_texturemap' while loading F:/Users/Shakarax/Documents/GitHub/Transient/TransientGame/Content/Ice_cream_truck__1_.uasset.
[2017.07.02-03.40.05:785][114]LoadErrors:Error: Error /Game/Ice_cream_truck__1_ : Can't find file for asset. /Game/Snow_mobile_main_texturemap
[2017.07.02-03.40.05:785][114]LogLinker:Warning: Can't find file '/Game/Snow_mobile_main_texturemap'
[2017.07.02-03.40.05:785][114]LogLinker:Warning: Can't find file for asset '/Game/Snow_mobile_main_texturemap' while loading F:/Users/Shakarax/Documents/GitHub/Transient/TransientGame/Content/Ice_cream_truck__1_.uasset.
[2017.07.02-03.40.05:788][114]LogLinker:Warning: Can't find file '/Game/SideScrollerBP/Blueprints/EndGameTriggerBP'
[2017.07.02-03.40.05:788][114]LogLinker:Warning: Can't find file for asset '/Game/SideScrollerBP/Blueprints/EndGameTriggerBP' while loading F:/Users/Shakarax/Documents/GitHub/Transient/TransientGame/Content/TransientGameLevel1.umap.
[2017.07.02-03.40.05:792][114]LogLinker:Warning: Can't find file '/Game/SideScrollerBP/Blueprints/EndGameTriggerBP'
[2017.07.02-03.40.05:792][114]LogLinker:Warning: Can't find file for asset '/Game/SideScrollerBP/Blueprints/EndGameTriggerBP' while loading F:/Users/Shakarax/Documents/GitHub/Transient/TransientGame/Content/TransientGameLevel1.umap.
[2017.07.02-03.40.05:793][114]LogLinker:Warning: Can't find file '/Game/SideScrollerBP/Blueprints/EndGameTriggerBP'
[2017.07.02-03.40.05:793][114]LogLinker:Warning: Can't find file for asset '/Game/SideScrollerBP/Blueprints/EndGameTriggerBP' while loading NULL.
[2017.07.02-03.40.05:793][114]LogLinker:Warning: Can't find file '/Game/SideScrollerBP/Blueprints/EndGameTriggerBP'
[2017.07.02-03.40.05:793][114]LogLinker:Warning: Can't find file for asset '/Game/SideScrollerBP/Blueprints/EndGameTriggerBP' while loading NULL.
[2017.07.02-03.40.05:793][114]LogLinker:Warning: Can't find file '/Game/SideScrollerBP/Blueprints/EndGameTriggerBP'
[2017.07.02-03.40.05:793][114]LogLinker:Warning: Can't find file for asset '/Game/SideScrollerBP/Blueprints/EndGameTriggerBP' while loading NULL.
[2017.07.02-03.40.05:793][114]LogLinker:Warning: Can't find file '/Game/SideScrollerBP/Blueprints/EndGameTriggerBP'
[2017.07.02-03.40.05:793][114]LogLinker:Warning: Can't find file for asset '/Game/SideScrollerBP/Blueprints/EndGameTriggerBP' while loading NULL.
[2017.07.02-03.40.05:794][114]LogLinker:Warning: Can't find file '/Game/SideScrollerBP/Blueprints/EndGameTriggerBP'
[2017.07.02-03.40.05:794][114]LogLinker:Warning: Can't find file for asset '/Game/SideScrollerBP/Blueprints/EndGameTriggerBP' while loading NULL.
[2017.07.02-03.40.05:794][114]LogLinker:Warning: Can't find file '/Game/SideScrollerBP/Blueprints/EndGameTriggerBP'
[2017.07.02-03.40.05:794][114]LogLinker:Warning: Can't find file for asset '/Game/SideScrollerBP/Blueprints/EndGameTriggerBP' while loading NULL.
[2017.07.02-03.40.05:795][114]LogLinker:Warning: Can't find file '/Game/SideScrollerBP/Blueprints/EndGameTriggerBP'
[2017.07.02-03.40.05:795][114]LogLinker:Warning: Can't find file for asset '/Game/SideScrollerBP/Blueprints/EndGameTriggerBP' while loading NULL.
[2017.07.02-03.40.05:795][114]LogLinker:Warning: Can't find file '/Game/SideScrollerBP/Blueprints/EndGameTriggerBP'
[2017.07.02-03.40.05:795][114]LogLinker:Warning: Can't find file for asset '/Game/SideScrollerBP/Blueprints/EndGameTriggerBP' while loading NULL.
[2017.07.02-03.40.05:795][114]LogLinker:Warning: Can't find file '/Game/SideScrollerBP/Blueprints/EndGameTriggerBP'
[2017.07.02-03.40.05:795][114]LogLinker:Warning: Can't find file for asset '/Game/SideScrollerBP/Blueprints/EndGameTriggerBP' while loading NULL.
[2017.07.02-03.40.05:795][114]LogLinker:Warning: Can't find file '/Game/SideScrollerBP/Blueprints/EndGameTriggerBP'
[2017.07.02-03.40.05:795][114]LogLinker:Warning: Can't find file for asset '/Game/SideScrollerBP/Blueprints/EndGameTriggerBP' while loading NULL.
[2017.07.02-03.40.05:804][114]LogLinker:Warning: Can't find file '/Game/Snow_mobile_main_texturemap'
[2017.07.02-03.40.05:804][114]LoadErrors: Info Failed to load /Game/Snow_mobile_main_texturemap.Snow_mobile_main_texturemap Referenced by Ice_cream_truck__1_
[2017.07.02-03.40.05:804][114]LogLinker:Warning: Can't find file for asset '/Game/Snow_mobile_main_texturemap' while loading NULL.
[2017.07.02-03.40.05:805][114]LogLinker:Warning: Can't find file '/Game/SideScrollerBP/Blueprints/EndGameTriggerBP'
[2017.07.02-03.40.05:805][114]LogLinker:Warning: Can't find file for asset '/Game/SideScrollerBP/Blueprints/EndGameTriggerBP' while loading NULL.
[2017.07.02-03.40.05:805][114]LogLinker:Warning: Can't find file '/Game/SideScrollerBP/Blueprints/EndGameTriggerBP'
[2017.07.02-03.40.05:805][114]LoadErrors: Info Failed to load /Game/SideScrollerBP/Blueprints/EndGameTriggerBP.EndGameTriggerBP_C Referenced by PersistentLevel
[2017.07.02-03.40.05:805][114]LogLinker:Warning: Can't find file for asset '/Game/SideScrollerBP/Blueprints/EndGameTriggerBP' while loading NULL.
[2017.07.02-03.40.05:845][114]LogAIModule: Creating AISystem for world TransientGameLevel1
[2017.07.02-03.40.05:846][114]LogMaterial:Warning: Material /Game/Sky_blue.Sky_blue needed to have new flag set bUsedWithStaticLighting !
[2017.07.02-03.40.05:847][114]LogMaterial: Missing cached shader map for material Sky_blue, compiling. 
[2017.07.02-03.40.05:879][114]MapCheck:Warning: Warning Sky_blue Material /Game/Sky_blue.Sky_blue was missing the usage flag bUsedWithStaticLighting. If the material asset is not re-saved, it may not render correctly when run outside the editor. Fix
[2017.07.02-03.40.05:887][114]LogMaterial:Warning: Material /Game/Pink.Pink needed to have new flag set bUsedWithStaticLighting !
[2017.07.02-03.40.05:890][114]LogMaterial: Missing cached shader map for material Pink, compiling. 
[2017.07.02-03.40.05:907][114]MapCheck:Warning: Warning Pink Material /Game/Pink.Pink was missing the usage flag bUsedWithStaticLighting. If the material asset is not re-saved, it may not render correctly when run outside the editor. Fix
[2017.07.02-03.40.05:907][114]LogMaterial:Warning: Material /Game/orange1.orange1 needed to have new flag set bUsedWithStaticLighting !
[2017.07.02-03.40.05:910][114]LogMaterial: Missing cached shader map for material orange1, compiling. 
[2017.07.02-03.40.05:931][114]MapCheck:Warning: Warning orange1 Material /Game/orange1.orange1 was missing the usage flag bUsedWithStaticLighting. If the material asset is not re-saved, it may not render correctly when run outside the editor. Fix
[2017.07.02-03.40.05:932][114]LogMaterial:Warning: Material /Game/yellow_ish.yellow_ish needed to have new flag set bUsedWithStaticLighting !
[2017.07.02-03.40.05:934][114]LogMaterial: Missing cached shader map for material yellow_ish, compiling. 
[2017.07.02-03.40.05:950][114]MapCheck:Warning: Warning yellow_ish Material /Game/yellow_ish.yellow_ish was missing the usage flag bUsedWithStaticLighting. If the material asset is not re-saved, it may not render correctly when run outside the editor. Fix
[2017.07.02-03.40.05:951][114]LogMaterial:Warning: Material /Game/Brown.Brown needed to have new flag set bUsedWithStaticLighting !
[2017.07.02-03.40.05:953][114]LogMaterial: Missing cached shader map for material Brown, compiling. 
[2017.07.02-03.40.05:969][114]MapCheck:Warning: Warning Brown Material /Game/Brown.Brown was missing the usage flag bUsedWithStaticLighting. If the material asset is not re-saved, it may not render correctly when run outside the editor. Fix
[2017.07.02-03.40.05:969][114]LogMaterial:Warning: Material /Game/Green.Green needed to have new flag set bUsedWithStaticLighting !
[2017.07.02-03.40.05:971][114]LogMaterial: Missing cached shader map for material Green, compiling. 
[2017.07.02-03.40.05:987][114]MapCheck:Warning: Warning Green Material /Game/Green.Green was missing the usage flag bUsedWithStaticLighting. If the material asset is not re-saved, it may not render correctly when run outside the editor. Fix
[2017.07.02-03.40.05:987][114]LogMaterial:Warning: Material /Game/cactus.cactus needed to have new flag set bUsedWithStaticLighting !
[2017.07.02-03.40.05:989][114]LogMaterial: Missing cached shader map for material cactus, compiling. 
[2017.07.02-03.40.06:006][114]MapCheck:Warning: Warning cactus Material /Game/cactus.cactus was missing the usage flag bUsedWithStaticLighting. If the material asset is not re-saved, it may not render correctly when run outside the editor. Fix
[2017.07.02-03.40.06:006][114]LogMaterial:Warning: Material /Game/white.white needed to have new flag set bUsedWithStaticLighting !
[2017.07.02-03.40.06:008][114]LogMaterial: Missing cached shader map for material white, compiling. 
[2017.07.02-03.40.06:029][114]MapCheck:Warning: Warning white Material /Game/white.white was missing the usage flag bUsedWithStaticLighting. If the material asset is not re-saved, it may not render correctly when run outside the editor. Fix
[2017.07.02-03.40.10:621][114]Cmd: OBJ SAVEPACKAGE PACKAGE="/Game/UI/Start_Screen" FILE="F:/Users/Shakarax/Documents/GitHub/Transient/TransientGame/Content/UI/Start_Screen.uasset" SILENT=true
[2017.07.02-03.40.10:896][114]LogSavePackage: Save=235.15ms
[2017.07.02-03.40.10:896][114]LogSavePackage: Moving 'F:/Users/Shakarax/Documents/GitHub/Transient/TransientGame/Saved/Start_Screen83DB8A5246EC51AA801F85829823CE95.tmp' to 'F:/Users/Shakarax/Documents/GitHub/Transient/TransientGame/Content/UI/Start_Screen.uasset'
[2017.07.02-03.40.10:898][114]LogSavePackage:Display: Finished SavePackage F:/Users/Shakarax/Documents/GitHub/Transient/TransientGame/Content/UI/Start_Screen.uasset
[2017.07.02-03.40.10:899][114]Cmd: MAP LOAD FILE="F:/Users/Shakarax/Documents/GitHub/Transient/TransientGame/Content/TransientGameLevel1.umap" TEMPLATE=0 SHOWPROGRESS=1 FEATURELEVEL=3
[2017.07.02-03.40.10:899][114]LightingResults: New page: Lighting Build
[2017.07.02-03.40.10:900][114]LoadErrors: New page: Loading map: TransientGameLevel1.umap
[2017.07.02-03.40.10:901][114]MapCheck: New page: Map Check
[2017.07.02-03.40.10:901][114]LightingResults: New page: Lighting Build
[2017.07.02-03.40.10:984][114]LogEditorServer: Finished looking for orphan Actors (0.000 secs)
[2017.07.02-03.40.11:019][114]Cmd: MAP CHECKDEP NOCLEARLOG
[2017.07.02-03.40.11:075][114]MapCheck: Info Map check complete: 0 Error(s), 0 Warning(s), took 55.478ms to complete.
[2017.07.02-03.40.11:075][114]LogFileHelpers: Loading map 'TransientGameLevel1' took 0.177
[2017.07.02-03.40.11:076][114]LogSlate: Took 0.000137 seconds to synchronously load lazily loaded font '../../../Engine/Content/Slate/Fonts/Roboto-Regular.ttf' (155K)
[2017.07.02-03.40.11:080][114]LoadErrors:Warning: Warning CreateExport: Failed to load Outer for resource 'Box': EndGameTriggerBP_C /Game/TransientGameLevel1.TransientGameLevel1:PersistentLevel.EndGameTrigger_182
[2017.07.02-03.40.11:080][114]LoadErrors:Warning: Warning CreateExport: Failed to load Outer for resource 'DefaultSceneRoot': EndGameTriggerBP_C /Game/TransientGameLevel1.TransientGameLevel1:PersistentLevel.EndGameTrigger_182
[2017.07.02-03.40.13:705][394]LogTemp: Repeting last play command: Selected Viewport
[2017.07.02-03.40.13:807][394]LogBlueprintUserMessages: Early PlayInEditor Detection: Level '/Game/TransientGameLevel1.TransientGameLevel1:PersistentLevel' has LevelScriptBlueprint '/Game/TransientGameLevel1.TransientGameLevel1:PersistentLevel.TransientGameLevel1' with GeneratedClass '/Game/TransientGameLevel1.TransientGameLevel1_C' with ClassGeneratedBy '/Game/TransientGameLevel1.TransientGameLevel1:PersistentLevel.TransientGameLevel1'
[2017.07.02-03.40.13:807][394]LogPlayLevel: PlayLevel: No blueprints needed recompiling
[2017.07.02-03.40.13:807][394]PIE: New page: PIE session: TransientGameLevel1 (Jul 1, 2017, 1:40:13 PM)
[2017.07.02-03.40.13:807][394]LogPlayLevel: Creating play world package: /Game/UEDPIE_0_TransientGameLevel1
[2017.07.02-03.40.13:814][394]LogPlayLevel: PIE: StaticDuplicateObject took: (0.006783s)
[2017.07.02-03.40.13:814][394]LogAIModule: Creating AISystem for world TransientGameLevel1
[2017.07.02-03.40.13:815][394]LogPlayLevel: PIE: World Init took: (0.000714s)
[2017.07.02-03.40.13:815][394]LogPlayLevel: PIE: Created PIE world by copying editor world from /Game/TransientGameLevel1.TransientGameLevel1 to /Game/UEDPIE_0_TransientGameLevel1.TransientGameLevel1 (0.007742s)
[2017.07.02-03.40.13:828][394]LogInit: XAudio2 using 'Speakers (Bose USB Audio)' : 6 channels at 48 kHz using 16 bits per sample (channel mask 0x60f)
[2017.07.02-03.40.13:835][394]LogInit: FAudioDevice initialized.
[2017.07.02-03.40.13:892][394]LogLoad: Game class is 'SideScrollerGameMode_C'
[2017.07.02-03.40.13:897][394]LogWorld: Bringing World /Game/UEDPIE_0_TransientGameLevel1.TransientGameLevel1 up for play (max tick rate 0) at 2017.07.01-20.40.13
[2017.07.02-03.40.13:897][394]LogWorld: Bringing up level for play took: 0.003095
[2017.07.02-03.40.13:948][394]LogContentBrowser: Native class hierarchy updated for 'MovieSceneCapture' in 0.0007 seconds. Added 11 classes and 0 folders.
[2017.07.02-03.40.13:950][394]PIE: Info Play in editor start time for /Game/UEDPIE_0_TransientGameLevel1 -0.594
[2017.07.02-03.40.13:951][394]LogBlueprintUserMessages: Late PlayInEditor Detection: Level '/Game/TransientGameLevel1.TransientGameLevel1:PersistentLevel' has LevelScriptBlueprint '/Game/TransientGameLevel1.TransientGameLevel1:PersistentLevel.TransientGameLevel1' with GeneratedClass '/Game/TransientGameLevel1.TransientGameLevel1_C' with ClassGeneratedBy '/Game/TransientGameLevel1.TransientGameLevel1:PersistentLevel.TransientGameLevel1'
[2017.07.02-03.40.14:059][403]PIE:Warning: Warning Invalid Simulate Options: Body (SweatSpawner_BP_C_0.SweatDropMesh sweat_drop) is set to simulate physics but Collision Enabled is incompatible
[2017.07.02-03.40.14:059][403]PIE:Warning: Warning Invalid Simulate Options: Body (SweatSpawner_BP_C_0.SweatDropMesh sweat_drop) is set to simulate physics but Collision Enabled is incompatible
[2017.07.02-03.40.14:412][443]PIE:Warning: Warning Invalid Simulate Options: Body (SweatSpawner_BP_C_1.SweatDropMesh sweat_drop) is set to simulate physics but Collision Enabled is incompatible
[2017.07.02-03.40.14:412][443]PIE:Warning: Warning Invalid Simulate Options: Body (SweatSpawner_BP_C_1.SweatDropMesh sweat_drop) is set to simulate physics but Collision Enabled is incompatible
[2017.07.02-03.40.14:756][484]PIE:Warning: Warning Invalid Simulate Options: Body (SweatSpawner_BP_C_2.SweatDropMesh sweat_drop) is set to simulate physics but Collision Enabled is incompatible
[2017.07.02-03.40.14:756][484]PIE:Warning: Warning Invalid Simulate Options: Body (SweatSpawner_BP_C_2.SweatDropMesh sweat_drop) is set to simulate physics but Collision Enabled is incompatible
[2017.07.02-03.40.15:106][526]PIE:Warning: Warning Invalid Simulate Options: Body (SweatSpawner_BP_C_3.SweatDropMesh sweat_drop) is set to simulate physics but Collision Enabled is incompatible
[2017.07.02-03.40.15:106][526]PIE:Warning: Warning Invalid Simulate Options: Body (SweatSpawner_BP_C_3.SweatDropMesh sweat_drop) is set to simulate physics but Collision Enabled is incompatible
[2017.07.02-03.40.15:464][566]PIE:Warning: Warning Invalid Simulate Options: Body (SweatSpawner_BP_C_4.SweatDropMesh sweat_drop) is set to simulate physics but Collision Enabled is incompatible
[2017.07.02-03.40.15:464][566]PIE:Warning: Warning Invalid Simulate Options: Body (SweatSpawner_BP_C_4.SweatDropMesh sweat_drop) is set to simulate physics but Collision Enabled is incompatible
[2017.07.02-03.40.15:705][595]LogBlueprintUserMessages: [SideScrollerCharacter_C_0] 95
[2017.07.02-03.40.15:814][608]PIE:Warning: Warning Invalid Simulate Options: Body (SweatSpawner_BP_C_5.SweatDropMesh sweat_drop) is set to simulate physics but Collision Enabled is incompatible
[2017.07.02-03.40.15:814][608]PIE:Warning: Warning Invalid Simulate Options: Body (SweatSpawner_BP_C_5.SweatDropMesh sweat_drop) is set to simulate physics but Collision Enabled is incompatible
[2017.07.02-03.40.16:164][650]PIE:Warning: Warning Invalid Simulate Options: Body (SweatSpawner_BP_C_6.SweatDropMesh sweat_drop) is set to simulate physics but Collision Enabled is incompatible
[2017.07.02-03.40.16:164][650]PIE:Warning: Warning Invalid Simulate Options: Body (SweatSpawner_BP_C_6.SweatDropMesh sweat_drop) is set to simulate physics but Collision Enabled is incompatible
[2017.07.02-03.40.16:513][692]PIE:Warning: Warning Invalid Simulate Options: Body (SweatSpawner_BP_C_7.SweatDropMesh sweat_drop) is set to simulate physics but Collision Enabled is incompatible
[2017.07.02-03.40.16:513][692]PIE:Warning: Warning Invalid Simulate Options: Body (SweatSpawner_BP_C_7.SweatDropMesh sweat_drop) is set to simulate physics but Collision Enabled is incompatible
[2017.07.02-03.40.16:863][734]PIE:Warning: Warning Invalid Simulate Options: Body (SweatSpawner_BP_C_8.SweatDropMesh sweat_drop) is set to simulate physics but Collision Enabled is incompatible
[2017.07.02-03.40.16:863][734]PIE:Warning: Warning Invalid Simulate Options: Body (SweatSpawner_BP_C_8.SweatDropMesh sweat_drop) is set to simulate physics but Collision Enabled is incompatible
[2017.07.02-03.40.17:114][764]LogBlueprintUserMessages: Early EndPlayMap Detection: Level '/Game/TransientGameLevel1.TransientGameLevel1:PersistentLevel' has LevelScriptBlueprint '/Game/TransientGameLevel1.TransientGameLevel1:PersistentLevel.TransientGameLevel1' with GeneratedClass '/Game/TransientGameLevel1.TransientGameLevel1_C' with ClassGeneratedBy '/Game/TransientGameLevel1.TransientGameLevel1:PersistentLevel.TransientGameLevel1'
[2017.07.02-03.40.17:144][764]LogBlueprintUserMessages: Late EndPlayMap Detection: Level '/Game/TransientGameLevel1.TransientGameLevel1:PersistentLevel' has LevelScriptBlueprint '/Game/TransientGameLevel1.TransientGameLevel1:PersistentLevel.TransientGameLevel1' with GeneratedClass '/Game/TransientGameLevel1.TransientGameLevel1_C' with ClassGeneratedBy '/Game/TransientGameLevel1.TransientGameLevel1:PersistentLevel.TransientGameLevel1'
[2017.07.02-03.40.32:629][932]LogWindowsTextInputMethodSystem:Display: IME system now deactivated.
[2017.07.02-03.40.32:771][933]Cmd: QUIT_EDITOR
[2017.07.02-03.40.33:597][933]LogExit: Preparing to exit.
[2017.07.02-03.40.34:421][933]LogExit: Editor shut down
[2017.07.02-03.40.34:423][933]LogExit: Transaction tracking system shut down
[2017.07.02-03.40.34:471][933]LogObj: Freed 0b from 0 cluster array pools.
[2017.07.02-03.40.34:471][933]LogExit: Object subsystem successfully closed.
[2017.07.02-03.40.34:489][933]LogD3D11RHI: Shutdown
[2017.07.02-03.40.34:489][933]LogD3D11RHI: CleanupD3DDevice
[2017.07.02-03.40.34:542][933]LogD3D11RHI: ~FD3D11DynamicRHI
[2017.07.02-03.40.34:553][933]LogModuleManager: Shutting down and abandoning module MovieSceneCapture (526)
[2017.07.02-03.40.34:554][933]LogModuleManager: Shutting down and abandoning module HierarchicalLODOutliner (524)
[2017.07.02-03.40.34:554][933]LogModuleManager: Shutting down and abandoning module CrashTracker (522)
[2017.07.02-03.40.34:554][933]LogModuleManager: Shutting down and abandoning module SceneOutliner (520)
[2017.07.02-03.40.34:554][933]LogModuleManager: Shutting down and abandoning module AddContentDialog (518)
[2017.07.02-03.40.34:554][933]LogDirectoryWatcher: A directory notification for 'C:/Program Files/Epic Games/UE_4.16/FeaturePacks/' was aborted.
[2017.07.02-03.40.34:555][933]LogModuleManager: Shutting down and abandoning module WidgetCarousel (517)
[2017.07.02-03.40.34:555][933]LogModuleManager: Shutting down and abandoning module EditorWidgets (514)
[2017.07.02-03.40.34:555][933]LogModuleManager: Shutting down and abandoning module CollectionManager (512)
[2017.07.02-03.40.34:555][933]LogDirectoryWatcher: A directory notification for 'F:/Users/Shakarax/Documents/GitHub/Transient/TransientGame/Content/Collections/' was aborted.
[2017.07.02-03.40.34:555][933]LogDirectoryWatcher: A directory notification for 'F:/Users/Shakarax/Documents/GitHub/Transient/TransientGame/Content/Developers/Shakarax/Collections/' was aborted.
[2017.07.02-03.40.34:555][933]LogDirectoryWatcher: A directory notification for 'F:/Users/Shakarax/Documents/GitHub/Transient/TransientGame/Saved/Collections/' was aborted.
[2017.07.02-03.40.34:555][933]LogModuleManager: Shutting down and abandoning module StatsViewer (510)
[2017.07.02-03.40.34:555][933]LogModuleManager: Shutting down and abandoning module FoliageEdit (508)
[2017.07.02-03.40.34:555][933]LogModuleManager: Shutting down and abandoning module LandscapeEditor (506)
[2017.07.02-03.40.34:555][933]LogModuleManager: Shutting down and abandoning module MeshPaintMode (504)
[2017.07.02-03.40.34:555][933]LogModuleManager: Shutting down and abandoning module SceneDepthPickerMode (502)
[2017.07.02-03.40.34:555][933]LogModuleManager: Shutting down and abandoning module ActorPickerMode (500)
[2017.07.02-03.40.34:555][933]LogModuleManager: Shutting down and abandoning module GeometryMode (498)
[2017.07.02-03.40.34:555][933]LogModuleManager: Shutting down and abandoning module TextureAlignMode (496)
[2017.07.02-03.40.34:555][933]LogModuleManager: Shutting down and abandoning module BspMode (494)
[2017.07.02-03.40.34:555][933]LogModuleManager: Shutting down and abandoning module HardwareSurvey (492)
[2017.07.02-03.40.34:555][933]LogModuleManager: Shutting down and abandoning module SequenceRecorderSections (490)
[2017.07.02-03.40.34:555][933]LogModuleManager: Shutting down and abandoning module AutomationWorker (488)
[2017.07.02-03.40.34:555][933]LogModuleManager: Shutting down and abandoning module MatineeToLevelSequence (486)
[2017.07.02-03.40.34:555][933]LogModuleManager: Shutting down and abandoning module LevelSequenceEditor (484)
[2017.07.02-03.40.34:556][933]LogModuleManager: Shutting down and abandoning module PlacementMode (483)
[2017.07.02-03.40.34:556][933]LogModuleManager: Shutting down and abandoning module WmfMediaFactory (480)
[2017.07.02-03.40.34:556][933]LogModuleManager: Shutting down and abandoning module WmfMediaEditor (478)
[2017.07.02-03.40.34:556][933]LogModuleManager: Shutting down and abandoning module AvfMediaFactory (476)
[2017.07.02-03.40.34:556][933]LogModuleManager: Shutting down and abandoning module AvfMediaEditor (474)
[2017.07.02-03.40.34:556][933]LogModuleManager: Shutting down and abandoning module AndroidMediaFactory (472)
[2017.07.02-03.40.34:556][933]LogModuleManager: Shutting down and abandoning module Media (471)
[2017.07.02-03.40.34:556][933]LogModuleManager: Shutting down and abandoning module AndroidMediaEditor (468)
[2017.07.02-03.40.34:556][933]LogModuleManager: Shutting down and abandoning module CharacterAI (466)
[2017.07.02-03.40.34:556][933]LogModuleManager: Shutting down and abandoning module AudioCapture (464)
[2017.07.02-03.40.34:556][933]LogModuleManager: Shutting down and abandoning module SequenceRecorder (463)
[2017.07.02-03.40.34:556][933]LogModuleManager: Shutting down and abandoning module SmartSnapping (460)
[2017.07.02-03.40.34:556][933]LogModuleManager: Shutting down and abandoning module SessionServices (458)
[2017.07.02-03.40.34:556][933]LogModuleManager: Shutting down and abandoning module ViewportSnapping (456)
[2017.07.02-03.40.34:556][933]LogModuleManager: Shutting down and abandoning module ViewportInteraction (454)
[2017.07.02-03.40.34:556][933]LogModuleManager: Shutting down and abandoning module ClothPainter (452)
[2017.07.02-03.40.34:556][933]LogModuleManager: Shutting down and abandoning module LogVisualizer (450)
[2017.07.02-03.40.34:556][933]LogModuleManager: Shutting down and abandoning module IntroTutorials (448)
[2017.07.02-03.40.34:556][933]LogModuleManager: Shutting down and abandoning module GameProjectGeneration (447)
[2017.07.02-03.40.34:556][933]LogModuleManager: Shutting down and abandoning module EditorLiveStreaming (444)
[2017.07.02-03.40.34:556][933]LogModuleManager: Shutting down and abandoning module IOSPlatformEditor (442)
[2017.07.02-03.40.34:556][933]LogModuleManager: Shutting down and abandoning module HTML5PlatformEditor (440)
[2017.07.02-03.40.34:556][933]LogModuleManager: Shutting down and abandoning module AndroidPlatformEditor (438)
[2017.07.02-03.40.34:556][933]LogModuleManager: Shutting down and abandoning module AndroidDeviceDetection (437)
[2017.07.02-03.40.34:761][933]LogModuleManager: Shutting down and abandoning module IOSRuntimeSettings (434)
[2017.07.02-03.40.34:761][933]LogModuleManager: Shutting down and abandoning module AndroidRuntimeSettings (432)
[2017.07.02-03.40.34:761][933]LogModuleManager: Shutting down and abandoning module InputBindingEditor (430)
[2017.07.02-03.40.34:761][933]LogModuleManager: Shutting down and abandoning module MergeActors (428)
[2017.07.02-03.40.34:761][933]LogModuleManager: Shutting down and abandoning module SizeMap (426)
[2017.07.02-03.40.34:761][933]LogModuleManager: Shutting down and abandoning module TreeMap (424)
[2017.07.02-03.40.34:761][933]LogModuleManager: Shutting down and abandoning module ReferenceViewer (422)
[2017.07.02-03.40.34:761][933]LogModuleManager: Shutting down and abandoning module LocalizationDashboard (420)
[2017.07.02-03.40.34:762][933]LogModuleManager: Shutting down and abandoning module LocalizationService (419)
[2017.07.02-03.40.34:762][933]LogModuleManager: Shutting down and abandoning module HardwareTargeting (416)
[2017.07.02-03.40.34:762][933]LogModuleManager: Shutting down and abandoning module DeviceProfileEditor (414)
[2017.07.02-03.40.34:762][933]LogModuleManager: Shutting down and abandoning module UndoHistory (412)
[2017.07.02-03.40.34:762][933]LogModuleManager: Shutting down and abandoning module UserFeedback (410)
[2017.07.02-03.40.34:762][933]LogModuleManager: Shutting down and abandoning module XmlParser (408)
[2017.07.02-03.40.34:762][933]LogModuleManager: Shutting down and abandoning module Blutility (406)
[2017.07.02-03.40.34:762][933]LogModuleManager: Shutting down and abandoning module ProjectSettingsViewer (404)
[2017.07.02-03.40.34:762][933]LogModuleManager: Shutting down and abandoning module ProjectTargetPlatformEditor (403)
[2017.07.02-03.40.34:762][933]LogModuleManager: Shutting down and abandoning module EditorSettingsViewer (400)
[2017.07.02-03.40.34:762][933]LogModuleManager: Shutting down and abandoning module SettingsEditor (398)
[2017.07.02-03.40.34:762][933]LogModuleManager: Shutting down and abandoning module ProjectLauncher (396)
[2017.07.02-03.40.34:762][933]LogModuleManager: Shutting down and abandoning module SessionFrontend (394)
[2017.07.02-03.40.34:762][933]LogModuleManager: Shutting down and abandoning module ProfilerClient (392)
[2017.07.02-03.40.34:762][933]LogModuleManager: Shutting down and abandoning module DeviceManager (390)
[2017.07.02-03.40.34:762][933]LogModuleManager: Shutting down and abandoning module TargetDeviceServices (389)
[2017.07.02-03.40.34:823][933]LogModuleManager: Shutting down and abandoning module AutomationController (386)
[2017.07.02-03.40.34:823][933]LogModuleManager: Shutting down and abandoning module AutomationWindow (384)
[2017.07.02-03.40.34:823][933]LogModuleManager: Shutting down and abandoning module Layers (382)
[2017.07.02-03.40.34:823][933]LogModuleManager: Shutting down and abandoning module ComponentVisualizers (380)
[2017.07.02-03.40.34:823][933]LogModuleManager: Shutting down and abandoning module DetailCustomizations (378)
[2017.07.02-03.40.34:823][933]LogModuleManager: Shutting down and abandoning module PackagesDialog (376)
[2017.07.02-03.40.34:823][933]LogModuleManager: Shutting down and abandoning module Persona (374)
[2017.07.02-03.40.34:823][933]LogModuleManager: Shutting down and abandoning module AdvancedPreviewScene (373)
[2017.07.02-03.40.34:823][933]LogModuleManager: Shutting down and abandoning module AnimGraph (371)
[2017.07.02-03.40.34:823][933]LogModuleManager: Shutting down and abandoning module Kismet (368)
[2017.07.02-03.40.34:823][933]LogModuleManager: Shutting down and abandoning module ClassViewer (366)
[2017.07.02-03.40.34:823][933]LogModuleManager: Shutting down and abandoning module Toolbox (364)
[2017.07.02-03.40.34:823][933]LogModuleManager: Shutting down and abandoning module ModuleUI (362)
[2017.07.02-03.40.34:823][933]LogModuleManager: Shutting down and abandoning module MovieSceneTools (360)
[2017.07.02-03.40.34:823][933]LogModuleManager: Shutting down and abandoning module OutputLog (358)
[2017.07.02-03.40.34:823][933]LogModuleManager: Shutting down and abandoning module GammaUI (356)
[2017.07.02-03.40.34:823][933]LogModuleManager: Shutting down and abandoning module Documentation (354)
[2017.07.02-03.40.34:823][933]LogModuleManager: Shutting down and abandoning module MovieSceneTracks (352)
[2017.07.02-03.40.34:823][933]LogModuleManager: Shutting down and abandoning module MovieScene (350)
[2017.07.02-03.40.34:823][933]LogModuleManager: Shutting down and abandoning module Niagara (348)
[2017.07.02-03.40.34:823][933]LogModuleManager: Shutting down and abandoning module NiagaraEditor (347)
[2017.07.02-03.40.34:823][933]LogModuleManager: Shutting down and abandoning module StreamingPauseRendering (344)
[2017.07.02-03.40.34:823][933]LogModuleManager: Shutting down and abandoning module AnalyticsET (342)
[2017.07.02-03.40.34:823][933]LogModuleManager: Shutting down and abandoning module PortalServices (340)
[2017.07.02-03.40.34:823][933]LogModuleManager: Shutting down and abandoning module PortalRpc (338)
[2017.07.02-03.40.34:823][933]LogModuleManager: Shutting down and abandoning module MessagingRpc (336)
[2017.07.02-03.40.34:823][933]LogModuleManager: Shutting down and abandoning module AIModule (334)
[2017.07.02-03.40.34:823][933]LogModuleManager: Shutting down and abandoning module GameplayDebugger (333)
[2017.07.02-03.40.34:823][933]LogModuleManager: Shutting down and abandoning module AITestSuite (331)
[2017.07.02-03.40.34:823][933]LogModuleManager: Shutting down and abandoning module ProfilerService (328)
[2017.07.02-03.40.35:014][933]LogModuleManager: Shutting down and abandoning module TaskGraph (326)
[2017.07.02-03.40.35:014][933]LogModuleManager: Shutting down and abandoning module SteamVRController (324)
[2017.07.02-03.40.35:014][933]LogModuleManager: Shutting down and abandoning module SteamVR (322)
[2017.07.02-03.40.35:014][933]LogModuleManager: Shutting down and abandoning module ProceduralMeshComponentEditor (320)
[2017.07.02-03.40.35:014][933]LogModuleManager: Shutting down and abandoning module ProceduralMeshComponent (318)
[2017.07.02-03.40.35:014][933]LogModuleManager: Shutting down and abandoning module OculusLibrary (316)
[2017.07.02-03.40.35:014][933]LogModuleManager: Shutting down and abandoning module OculusInput (314)
[2017.07.02-03.40.35:014][933]LogModuleManager: Shutting down and abandoning module MobilePatchingUtils (312)
[2017.07.02-03.40.35:014][933]LogModuleManager: Shutting down and abandoning module CustomMeshComponent (310)
[2017.07.02-03.40.35:014][933]LogModuleManager: Shutting down and abandoning module CableComponent (308)
[2017.07.02-03.40.35:014][933]LogModuleManager: Shutting down and abandoning module ArchVisCharacter (306)
[2017.07.02-03.40.35:014][933]LogModuleManager: Shutting down and abandoning module AndroidPermission (304)
[2017.07.02-03.40.35:014][933]LogModuleManager: Shutting down and abandoning module MediaPlayerEditor (300)
[2017.07.02-03.40.35:014][933]LogModuleManager: Shutting down and abandoning module HTML5Networking (298)
[2017.07.02-03.40.35:014][933]LogModuleManager: Shutting down and abandoning module AlembicImporter (296)
[2017.07.02-03.40.35:014][933]LogModuleManager: Shutting down and abandoning module AlembicLibrary (295)
[2017.07.02-03.40.35:014][933]LogModuleManager: Shutting down and abandoning module GeometryCache (294)
[2017.07.02-03.40.35:014][933]LogModuleManager: Shutting down and abandoning module GeometryCacheEd (293)
[2017.07.02-03.40.35:014][933]LogModuleManager: Shutting down and abandoning module SuperSearchEditor (288)
[2017.07.02-03.40.35:014][933]LogModuleManager: Shutting down and abandoning module SuperSearch (287)
[2017.07.02-03.40.35:014][933]LogModuleManager: Shutting down and abandoning module SpeedTreeImporter (284)
[2017.07.02-03.40.35:014][933]LogModuleManager: Shutting down and abandoning module PluginBrowser (282)
[2017.07.02-03.40.35:014][933]LogModuleManager: Shutting down and abandoning module MobileLauncherProfileWizard (280)
[2017.07.02-03.40.35:014][933]LogModuleManager: Shutting down and abandoning module VisualStudioSourceCodeAccess (278)
[2017.07.02-03.40.35:014][933]LogModuleManager: Shutting down and abandoning module DesktopPlatform (277)
[2017.07.02-03.40.35:014][933]LogModuleManager: Shutting down and abandoning module UObjectPlugin (274)
[2017.07.02-03.40.35:014][933]LogModuleManager: Shutting down and abandoning module SubversionSourceControl (272)
[2017.07.02-03.40.35:014][933]LogModuleManager: Shutting down and abandoning module PerforceSourceControl (270)
[2017.07.02-03.40.35:014][933]LogModuleManager: Shutting down and abandoning module GitSourceControl (268)
[2017.07.02-03.40.35:014][933]LogModuleManager: Shutting down and abandoning module SourceControl (267)
[2017.07.02-03.40.35:014][933]LogModuleManager: Shutting down and abandoning module LightPropagationVolumeEditor (264)
[2017.07.02-03.40.35:014][933]LogModuleManager: Shutting down and abandoning module PaperTiledImporter (262)
[2017.07.02-03.40.35:014][933]LogModuleManager: Shutting down and abandoning module PaperSpriteSheetImporter (260)
[2017.07.02-03.40.35:014][933]LogModuleManager: Shutting down and abandoning module Paper2DEditor (258)
[2017.07.02-03.40.35:014][933]LogModuleManager: Shutting down and abandoning module MeshPaint (257)
[2017.07.02-03.40.35:014][933]LogModuleManager: Shutting down and abandoning module LevelEditor (255)
[2017.07.02-03.40.35:015][933]LogModuleManager: Shutting down and abandoning module PixelInspectorModule (254)
[2017.07.02-03.40.35:015][933]LogModuleManager: Shutting down and abandoning module MainFrame (252)
[2017.07.02-03.40.35:015][933]LogModuleManager: Shutting down and abandoning module HotReload (251)
[2017.07.02-03.40.35:015][933]LogModuleManager: Shutting down and abandoning module PhysXVehiclesEditor (246)
[2017.07.02-03.40.35:015][933]LogModuleManager: Shutting down and abandoning module PhysXVehicles (244)
[2017.07.02-03.40.35:015][933]LogModuleManager: Shutting down and abandoning module LocationServicesBPLibrary (242)
[2017.07.02-03.40.35:015][933]LogModuleManager: Shutting down and abandoning module ImmediatePhysicsEditor (240)
[2017.07.02-03.40.35:015][933]LogModuleManager: Shutting down and abandoning module ImmediatePhysics (238)
[2017.07.02-03.40.35:015][933]LogModuleManager: Shutting down and abandoning module UdpMessaging (236)
[2017.07.02-03.40.35:115][933]LogModuleManager: Shutting down and abandoning module TcpMessaging (234)
[2017.07.02-03.40.35:258][933]LogModuleManager: Shutting down and abandoning module GameplayTagsEditor (232)
[2017.07.02-03.40.35:258][933]LogModuleManager: Shutting down and abandoning module FacialAnimationEditor (230)
[2017.07.02-03.40.35:258][933]LogModuleManager: Shutting down and abandoning module FacialAnimation (228)
[2017.07.02-03.40.35:258][933]LogModuleManager: Shutting down and abandoning module AssetManagerEditor (226)
[2017.07.02-03.40.35:258][933]LogModuleManager: Shutting down and abandoning module GraphEditor (225)
[2017.07.02-03.40.35:258][933]LogModuleManager: Shutting down and abandoning module ContentBrowser (223)
[2017.07.02-03.40.35:259][933]LogModuleManager: Shutting down and abandoning module LightPropagationVolumeRuntime (220)
[2017.07.02-03.40.35:259][933]LogModuleManager: Shutting down and abandoning module Paper2D (218)
[2017.07.02-03.40.35:259][933]LogModuleManager: Shutting down and abandoning module WindowsMoviePlayer (216)
[2017.07.02-03.40.35:259][933]LogModuleManager: Shutting down and abandoning module WmfMedia (214)
[2017.07.02-03.40.35:259][933]LogModuleManager: Shutting down and abandoning module ClothingSystemEditor (212)
[2017.07.02-03.40.35:259][933]LogModuleManager: Shutting down and abandoning module ClothingSystemRuntime (210)
[2017.07.02-03.40.35:259][933]LogModuleManager: Shutting down and abandoning module MediaAssets (208)
[2017.07.02-03.40.35:259][933]LogModuleManager: Shutting down and abandoning module GameLiveStreaming (206)
[2017.07.02-03.40.35:259][933]LogModuleManager: Shutting down and abandoning module VREditor (204)
[2017.07.02-03.40.35:259][933]LogModuleManager: Shutting down and abandoning module StringTableEditor (202)
[2017.07.02-03.40.35:259][933]LogModuleManager: Shutting down and abandoning module GameplayTasksEditor (200)
[2017.07.02-03.40.35:259][933]LogModuleManager: Shutting down and abandoning module BehaviorTreeEditor (198)
[2017.07.02-03.40.35:259][933]LogModuleManager: Shutting down and abandoning module FunctionalTesting (196)
[2017.07.02-03.40.35:259][933]LogModuleManager: Shutting down and abandoning module CollisionAnalyzer (194)
[2017.07.02-03.40.35:259][933]LogModuleManager: Shutting down and abandoning module UMG (192)
[2017.07.02-03.40.35:259][933]LogModuleManager: Shutting down and abandoning module UMGEditor (191)
[2017.07.02-03.40.35:259][933]LogModuleManager: Shutting down and abandoning module Sequencer (190)
[2017.07.02-03.40.35:259][933]LogModuleManager: Shutting down and abandoning module AssetTools (188)
[2017.07.02-03.40.35:259][933]LogModuleManager: Shutting down and abandoning module MessageLog (187)
[2017.07.02-03.40.35:259][933]LogModuleManager: Shutting down and abandoning module WorkspaceMenuStructure (186)
[2017.07.02-03.40.35:259][933]LogModuleManager: Shutting down and abandoning module SlateReflector (180)
[2017.07.02-03.40.35:259][933]LogModuleManager: Shutting down and abandoning module Slate (178)
[2017.07.02-03.40.35:259][933]LogModuleManager: Shutting down and abandoning module EditorStyle (176)
[2017.07.02-03.40.35:261][933]LogModuleManager: Shutting down and abandoning module SourceCodeAccess (174)
[2017.07.02-03.40.35:261][933]LogModuleManager: Shutting down and abandoning module HeadMountedDisplay (172)
[2017.07.02-03.40.35:261][933]LogModuleManager: Shutting down and abandoning module XAudio2 (170)
[2017.07.02-03.40.35:261][933]LogModuleManager: Shutting down and abandoning module Networking (168)
[2017.07.02-03.40.35:261][933]LogModuleManager: Shutting down and abandoning module Core (164)
[2017.07.02-03.40.35:261][933]LogModuleManager: Shutting down and abandoning module AssetRegistry (162)
[2017.07.02-03.40.35:453][933]LogDirectoryWatcher: A directory notification for '../../../Engine/Content/' was aborted.
[2017.07.02-03.40.35:453][933]LogDirectoryWatcher: A directory notification for 'F:/Users/Shakarax/Documents/GitHub/Transient/TransientGame/Content/' was aborted.
[2017.07.02-03.40.35:453][933]LogDirectoryWatcher: A directory notification for '../../../Engine/Plugins/2D/Paper2D/Content/' was aborted.
[2017.07.02-03.40.35:453][933]LogDirectoryWatcher: A directory notification for '../../../Engine/Plugins/Runtime/GearVR/Content/' was aborted.
[2017.07.02-03.40.35:455][933]LogModuleManager: Shutting down and abandoning module DirectoryWatcher (161)
[2017.07.02-03.40.35:455][933]LogModuleManager: Shutting down and abandoning module KismetCompiler (158)
[2017.07.02-03.40.35:455][933]LogModuleManager: Shutting down and abandoning module LevelSequence (156)
[2017.07.02-03.40.35:455][933]LogModuleManager: Shutting down and abandoning module PhysXFormats (154)
[2017.07.02-03.40.35:455][933]LogModuleManager: Shutting down and abandoning module MeshUtilities (152)
[2017.07.02-03.40.35:455][933]LogModuleManager: Shutting down and abandoning module SimplygonSwarm (151)
[2017.07.02-03.40.35:455][933]LogModuleManager: Shutting down and abandoning module SimplygonMeshReduction (149)
[2017.07.02-03.40.35:455][933]LogModuleManager: Shutting down and abandoning module QuadricMeshReduction (147)
[2017.07.02-03.40.35:455][933]LogModuleManager: Shutting down and abandoning module DerivedDataCache (144)
[2017.07.02-03.40.35:894][933]LogDerivedDataCache: Shutdown
[2017.07.02-03.40.35:894][933]LogModuleManager: Shutting down and abandoning module TargetPlatform (142)
[2017.07.02-03.40.35:894][933]LogModuleManager: Shutting down and abandoning module VulkanShaderFormat (141)
[2017.07.02-03.40.35:894][933]LogModuleManager: Shutting down and abandoning module ShaderFormatVectorVM (139)
[2017.07.02-03.40.35:894][933]LogModuleManager: Shutting down and abandoning module ShaderFormatOpenGL (137)
[2017.07.02-03.40.35:894][933]LogModuleManager: Shutting down and abandoning module ShaderFormatD3D (135)
[2017.07.02-03.40.35:894][933]LogModuleManager: Shutting down and abandoning module MetalShaderFormat (133)
[2017.07.02-03.40.35:894][933]LogModuleManager: Shutting down and abandoning module TextureFormatUncompressed (131)
[2017.07.02-03.40.35:894][933]LogModuleManager: Shutting down and abandoning module TextureFormatPVR (129)
[2017.07.02-03.40.35:894][933]LogModuleManager: Shutting down and abandoning module TextureFormatDXT (127)
[2017.07.02-03.40.35:894][933]LogModuleManager: Shutting down and abandoning module TextureFormatIntelISPCTexComp (125)
[2017.07.02-03.40.35:894][933]LogModuleManager: Shutting down and abandoning module TextureFormatASTC (123)
[2017.07.02-03.40.35:894][933]LogModuleManager: Shutting down and abandoning module ImageWrapper (122)
[2017.07.02-03.40.35:894][933]LogModuleManager: Shutting down and abandoning module TextureFormatAndroid (119)
[2017.07.02-03.40.35:894][933]LogModuleManager: Shutting down and abandoning module AudioFormatOpus (117)
[2017.07.02-03.40.35:894][933]LogModuleManager: Shutting down and abandoning module AudioFormatOgg (115)
[2017.07.02-03.40.35:894][933]LogModuleManager: Shutting down and abandoning module AudioFormatADPCM (113)
[2017.07.02-03.40.35:894][933]LogModuleManager: Shutting down and abandoning module LinuxTargetPlatform (111)
[2017.07.02-03.40.35:894][933]LogModuleManager: Shutting down and abandoning module LinuxServerTargetPlatform (109)
[2017.07.02-03.40.35:894][933]LogModuleManager: Shutting down and abandoning module LinuxNoEditorTargetPlatform (107)
[2017.07.02-03.40.35:894][933]LogModuleManager: Shutting down and abandoning module LinuxClientTargetPlatform (105)
[2017.07.02-03.40.35:894][933]LogModuleManager: Shutting down and abandoning module TVOSTargetPlatform (103)
[2017.07.02-03.40.35:894][933]LogModuleManager: Shutting down and abandoning module Messaging (101)
[2017.07.02-03.40.35:894][933]LogModuleManager: Shutting down and abandoning module IOSTargetPlatform (99)
[2017.07.02-03.40.35:894][933]LogModuleManager: Shutting down and abandoning module HTML5TargetPlatform (97)
[2017.07.02-03.40.35:894][933]LogModuleManager: Shutting down and abandoning module Android_PVRTCTargetPlatform (95)
[2017.07.02-03.40.35:894][933]LogModuleManager: Shutting down and abandoning module Android_MultiTargetPlatform (93)
[2017.07.02-03.40.35:894][933]LogModuleManager: Shutting down and abandoning module Android_ETC2TargetPlatform (91)
[2017.07.02-03.40.35:894][933]LogModuleManager: Shutting down and abandoning module Android_ETC1TargetPlatform (89)
[2017.07.02-03.40.35:894][933]LogModuleManager: Shutting down and abandoning module Android_DXTTargetPlatform (87)
[2017.07.02-03.40.35:894][933]LogModuleManager: Shutting down and abandoning module Android_ATCTargetPlatform (85)
[2017.07.02-03.40.35:894][933]LogModuleManager: Shutting down and abandoning module Android_ASTCTargetPlatform (83)
[2017.07.02-03.40.35:894][933]LogModuleManager: Shutting down and abandoning module AndroidTargetPlatform (81)
[2017.07.02-03.40.35:894][933]LogModuleManager: Shutting down and abandoning module WindowsTargetPlatform (79)
[2017.07.02-03.40.35:894][933]LogModuleManager: Shutting down and abandoning module WindowsServerTargetPlatform (77)
[2017.07.02-03.40.35:894][933]LogModuleManager: Shutting down and abandoning module WindowsNoEditorTargetPlatform (75)
[2017.07.02-03.40.35:894][933]LogModuleManager: Shutting down and abandoning module WindowsClientTargetPlatform (73)
[2017.07.02-03.40.35:894][933]LogModuleManager: Shutting down and abandoning module MacTargetPlatform (71)
[2017.07.02-03.40.35:894][933]LogModuleManager: Shutting down and abandoning module MacServerTargetPlatform (69)
[2017.07.02-03.40.35:894][933]LogModuleManager: Shutting down and abandoning module MacNoEditorTargetPlatform (67)
[2017.07.02-03.40.35:894][933]LogModuleManager: Shutting down and abandoning module MacClientTargetPlatform (65)
[2017.07.02-03.40.35:894][933]LogModuleManager: Shutting down and abandoning module AllDesktopTargetPlatform (63)
[2017.07.02-03.40.35:894][933]LogModuleManager: Shutting down and abandoning module InputCore (60)
[2017.07.02-03.40.35:894][933]LogModuleManager: Shutting down and abandoning module Settings (58)
[2017.07.02-03.40.35:894][933]LogModuleManager: Shutting down and abandoning module OculusRift (56)
[2017.07.02-03.40.35:894][933]LogModuleManager: Shutting down and abandoning module GearVRController (54)
[2017.07.02-03.40.35:894][933]LogModuleManager: Shutting down and abandoning module GearVR (52)
[2017.07.02-03.40.35:894][933]LogModuleManager: Shutting down and abandoning module ExampleDeviceProfileSelector (50)
[2017.07.02-03.40.35:894][933]LogModuleManager: Shutting down and abandoning module OnlineBlueprintSupport (48)
[2017.07.02-03.40.35:894][933]LogModuleManager: Shutting down and abandoning module OnlineSubsystem (44)
[2017.07.02-03.40.35:894][933]LogOnline:Display: Unloading online subsystem: NULL
[2017.07.02-03.40.35:894][933]LogModuleManager: Shutting down and abandoning module XMPP (43)
[2017.07.02-03.40.35:894][933]LogModuleManager: Shutting down and abandoning module HTTP (41)
[2017.07.02-03.40.35:894][933]LogHttp:Display: Http module shutting down, but needs to wait on 1 outstanding Http requests:
[2017.07.02-03.40.35:894][933]LogHttp:Display: 	verb=[POST] url=[https://datarouter.ol.epicgames.com/datarouter/api/v1/public/data?SessionID=%7B7FB80574-4D74-98BE-2EDC-0BA91EB9A2A3%7D&AppID=UEEditor.Rocket.Release&AppVersion=4.16.1-3466753%2B%2B%2BUE4%2BRelease-4.16&UserID=b4b5f1ab4f48de1ad2ffb4bd21168f35%7Ccc64a75ecad1436db3f710ee0b0a7dd5%7Cf3f7cff5-7a6b-4f6b-ac94-3f08f1222a4a&AppEnvironment=datacollector-binary&UploadType=eteventstream] status=Processing
[2017.07.02-03.40.35:903][933]LogModuleManager: Shutting down and abandoning module SSL (40)
[2017.07.02-03.40.35:904][933]LogModuleManager: Shutting down and abandoning module HTTPChunkInstaller (36)
[2017.07.02-03.40.35:904][933]LogModuleManager: Shutting down and abandoning module AnimationModifiers (34)
[2017.07.02-03.40.35:904][933]LogModuleManager: Shutting down and abandoning module PropertyEditor (33)
[2017.07.02-03.40.35:904][933]LogModuleManager: Shutting down and abandoning module AudioEditor (30)
[2017.07.02-03.40.35:904][933]LogModuleManager: Shutting down and abandoning module TextureCompressor (28)
[2017.07.02-03.40.35:904][933]LogModuleManager: Shutting down and abandoning module ShaderCore (26)
[2017.07.02-03.40.35:904][933]LogModuleManager: Shutting down and abandoning module Landscape (24)
[2017.07.02-03.40.35:904][933]LogModuleManager: Shutting down and abandoning module SlateRHIRenderer (22)
[2017.07.02-03.40.35:904][933]LogModuleManager: Shutting down and abandoning module OpenGLDrv (20)
[2017.07.02-03.40.35:904][933]LogModuleManager: Shutting down and abandoning module D3D11RHI (18)
[2017.07.02-03.40.35:904][933]LogModuleManager: Shutting down and abandoning module AnimGraphRuntime (16)
[2017.07.02-03.40.35:904][933]LogModuleManager: Shutting down and abandoning module Renderer (14)
[2017.07.02-03.40.35:904][933]LogModuleManager: Shutting down and abandoning module Engine (12)
[2017.07.02-03.40.35:904][933]LogModuleManager: Shutting down and abandoning module CoreUObject (10)
[2017.07.02-03.40.35:904][933]LogModuleManager: Shutting down and abandoning module NetworkFile (8)
[2017.07.02-03.40.35:904][933]LogModuleManager: Shutting down and abandoning module StreamingFile (6)
[2017.07.02-03.40.35:904][933]LogModuleManager: Shutting down and abandoning module SandboxFile (4)
[2017.07.02-03.40.35:904][933]LogModuleManager: Shutting down and abandoning module PakFile (2)
[2017.07.02-03.40.35:906][933]LogExit: Exiting.
[2017.07.02-03.40.35:914][933]Log file closed, 07/01/17 20:40:35
