Log file open, 07/02/17 18:07:10
LogInit:Display: Running engine for game: FrostInTheDesert
LogInit:Display: Project file not found: ../../../FrostInTheDesert/FrostInTheDesert.uproject
LogInit:Display: 	Attempting to find via project info helper.
LogUProjectInfo: Found projects:
LogPlatformFile: Not using cached read wrapper
LogInit:Display: RandInit(-480801169) SRandInit(-480801155).
LogTaskGraph: Started task graph with 5 named threads and 6 total threads with 1 sets of task threads.
LogStats: Stats thread started at 0.131439
LogInit: Using libcurl 7.47.1
LogInit:  - built for x86_64-pc-win32
LogInit:  - supports SSL with OpenSSL/1.0.2g
LogInit:  - supports HTTP deflate (compression) using libz 1.2.8
LogInit:  - other features:
LogInit:      CURL_VERSION_SSL
LogInit:      CURL_VERSION_LIBZ
LogInit:      CURL_VERSION_IPV6
LogInit:      CURL_VERSION_ASYNCHDNS
LogInit:      CURL_VERSION_LARGEFILE
LogInit:      CURL_VERSION_IDN
LogInit:  CurlRequestOptions (configurable via config and command line):
LogInit:  - bVerifyPeer = false  - Libcurl will NOT verify peer certificate
LogInit:  - bUseHttpProxy = false  - Libcurl will NOT use HTTP proxy
LogInit:  - bDontReuseConnections = false  - Libcurl will reuse connections
LogInit:  - CertBundlePath = nullptr  - Libcurl will use whatever was configured at build time.
LogInit: Build: ++UE4+Release-4.16-CL-3514769
LogInit: Engine Version: 4.16.2-3514769+++UE4+Release-4.16
LogInit: Compatible Engine Version: 4.16.0-3452394+++UE4+Release-4.16
LogInit: Net CL: 3452394
LogDevObjectVersion: Number of dev versions registered: 16
LogDevObjectVersion:   Dev-Blueprints (B0D832E4-1F89-4F0D-ACCF-7EB736FD4AA2): 9
LogDevObjectVersion:   Dev-Build (E1C64328-A22C-4D53-A36C-8E866417BD8C): 0
LogDevObjectVersion:   Dev-Core (375EC13C-06E4-48FB-B500-84F0262A717E): 2
LogDevObjectVersion:   Dev-Editor (E4B068ED-F494-42E9-A231-DA0B2E46BB41): 17
LogDevObjectVersion:   Dev-Framework (CFFC743F-43B0-4480-9391-14DF171D2073): 23
LogDevObjectVersion:   Dev-Mobile (B02B49B5-BB20-44E9-A304-32B752E40360): 0
LogDevObjectVersion:   Dev-Networking (A4E4105C-59A1-49B5-A7C5-40C4547EDFEE): 0
LogDevObjectVersion:   Dev-Online (39C831C9-5AE6-47DC-9A44-9C173E1C8E7C): 0
LogDevObjectVersion:   Dev-Physics (78F01B33-EBEA-4F98-B9B4-84EACCB95AA2): 0
LogDevObjectVersion:   Dev-Platform (6631380F-2D4D-43E0-8009-CF276956A95A): 0
LogDevObjectVersion:   Dev-Rendering (12F88B9F-8875-4AFC-A67C-D90C383ABD29): 15
LogDevObjectVersion:   Dev-Sequencer (7B5AE74C-D270-4C10-A958-57980B212A5A): 4
LogDevObjectVersion:   Dev-VR (D7296918-1DD6-4BDD-9DE2-64A83CC13884): 0
LogDevObjectVersion:   Dev-LoadTimes (C2A15278-BFE7-4AFE-6C17-90FF531DF755): 1
LogDevObjectVersion:   Private-Geometry (6EACA3D4-40EC-4CC1-B786-8BED09428FC5): 1
LogDevObjectVersion:   Dev-AnimPhys (29E575DD-E0A3-4627-9D10-D276232CDCEA): 3
LogInit: Compiled (64-bit): Jun 29 2017 02:05:51
LogInit: Compiled with Visual C++: 19.00.24215.01
LogInit: Build Configuration: Development
LogInit: Branch Name: ++UE4+Release-4.16
LogInit: Command line:  
LogInit: Base directory: C:/Users/Chris/Desktop/WindowsNoEditor/Engine/Binaries/Win64/
LogInit: Installed Engine Build: 0
LogInit: Presizing for max 2097152 objects, including 0 objects not considered by GC, pre-allocating 0 bytes for permanent pool.
LogStreaming:Display: Async Loading initialized: Event Driven Loader: true, Async Loading Thread: false
LogInit: Object subsystem initialized
[2017.07.02-22.07.11:023][  0]LogInit: Selected Device Profile: [WindowsNoEditor]
[2017.07.02-22.07.11:023][  0]LogInit: Applying CVar settings loaded from the selected device profile: [WindowsNoEditor]
[2017.07.02-22.07.11:031][  0]LogInit: Computer: CHRIS-PC
[2017.07.02-22.07.11:031][  0]LogInit: User: Chris
[2017.07.02-22.07.11:031][  0]LogInit: CPU Page size=4096, Cores=2
[2017.07.02-22.07.11:031][  0]LogInit: High frequency timer resolution =14.318180 MHz
[2017.07.02-22.07.11:031][  0]LogMemory: Memory total: Physical=7.9GB (8GB approx)
[2017.07.02-22.07.11:031][  0]LogMemory: Platform Memory Stats for WindowsNoEditor
[2017.07.02-22.07.11:031][  0]LogMemory: Process Physical Memory: 90.93 MB used, 90.93 MB peak
[2017.07.02-22.07.11:031][  0]LogMemory: Process Virtual Memory: 103.22 MB used, 103.22 MB peak
[2017.07.02-22.07.11:031][  0]LogMemory: Physical Memory: 3997.84 MB used,  4137.66 MB free, 8135.49 MB total
[2017.07.02-22.07.11:031][  0]LogMemory: Virtual Memory: 326.26 MB used,  4137.66 MB free, 134217728.00 MB total
[2017.07.02-22.07.11:707][  0]LogInit: Using OS detected language (en-US).
[2017.07.02-22.07.11:707][  0]LogInit: Using OS detected locale (en-US).
[2017.07.02-22.07.11:708][  0]LogTextLocalizationManager: No specific localization for 'en-US' exists, so the 'en' localization will be used.
[2017.07.02-22.07.11:840][  0]LogD3D11RHI: D3D11 adapters:
[2017.07.02-22.07.12:808][  0]LogD3D11RHI:    0. 'NVIDIA GeForce GTX 750 Ti' (Feature Level 11_0)
[2017.07.02-22.07.12:808][  0]LogD3D11RHI:       2017/0/4067 MB DedicatedVideo/DedicatedSystem/SharedSystem, Outputs:1, VendorId:0x10de
[2017.07.02-22.07.12:810][  0]LogD3D11RHI:    1. 'Microsoft Basic Render Driver' (Feature Level 11_0)
[2017.07.02-22.07.12:810][  0]LogD3D11RHI:       0/0/4067 MB DedicatedVideo/DedicatedSystem/SharedSystem, Outputs:0, VendorId:0x1414
[2017.07.02-22.07.12:810][  0]LogD3D11RHI: Chosen D3D11 Adapter: 0
[2017.07.02-22.07.12:818][  0]LogD3D11RHI: Creating new Direct3DDevice
[2017.07.02-22.07.12:818][  0]LogD3D11RHI:     GPU DeviceId: 0x1380 (for the marketing name, search the web for "GPU Device Id")
[2017.07.02-22.07.12:818][  0]LogWindows: EnumDisplayDevices:
[2017.07.02-22.07.12:818][  0]LogWindows:    0. 'NVIDIA GeForce GTX 750 Ti' (P:1 D:1)
[2017.07.02-22.07.12:819][  0]LogWindows:    1. 'NVIDIA GeForce GTX 750 Ti' (P:0 D:0)
[2017.07.02-22.07.12:819][  0]LogWindows:    2. 'NVIDIA GeForce GTX 750 Ti' (P:0 D:0)
[2017.07.02-22.07.12:819][  0]LogWindows:    3. 'NVIDIA GeForce GTX 750 Ti' (P:0 D:0)
[2017.07.02-22.07.12:819][  0]LogWindows: DebugString: FoundDriverCount:4 
[2017.07.02-22.07.12:819][  0]LogD3D11RHI:     Adapter Name: NVIDIA GeForce GTX 750 Ti
[2017.07.02-22.07.12:819][  0]LogD3D11RHI:   Driver Version: 382.53 (internal:22.21.13.8253, unified:382.53)
[2017.07.02-22.07.12:819][  0]LogD3D11RHI:      Driver Date: 6-7-2017
[2017.07.02-22.07.12:819][  0]LogRHI: Texture pool is 1361 MB (70% of 1945 MB)
[2017.07.02-22.07.13:495][  0]LogD3D11RHI: Async texture creation enabled
[2017.07.02-22.07.13:559][  0]LogD3D11RHI: GPU Timing Frequency: 1000.000000 (Debug: 2 1)
[2017.07.02-22.07.13:660][  0]LogMaterial: Verifying Global Shaders for PCD3D_SM5
[2017.07.02-22.07.13:660][  0]LogSlate: Using Freetype 2.6.0
[2017.07.02-22.07.13:679][  0]LogSlate: SlateFontCache - WITH_FREETYPE: 1, WITH_HARFBUZZ: 1
[2017.07.02-22.07.13:679][  0]LogSlate: SlateFontCache - WITH_FREETYPE: 1, WITH_HARFBUZZ: 1
[2017.07.02-22.07.13:822][  0]LogAssetRegistry: FAssetRegistry took 0.0346 seconds to start up
[2017.07.02-22.07.13:965][  0]LogPackageLocalizationCache: Processed 4 localized package path(s) for 2 prioritized culture(s) in 0.008503 seconds
[2017.07.02-22.07.13:965][  0]LogPakFile: New pak file ../../../FrostInTheDesert/Content/Paks/FrostInTheDesert-WindowsNoEditor.pak added to pak precacher.
[2017.07.02-22.07.13:977][  0]LogInit: Selected Device Profile: [WindowsNoEditor]
[2017.07.02-22.07.14:007][  0]LogContentStreaming: Texture pool size is 1000.00 MB
[2017.07.02-22.07.14:223][  0]LogNetVersion: FrostInTheDesert , NetCL: 3452394, EngineNetVer: 2, GameNetVer: 0 (Checksum: 558211198)
[2017.07.02-22.07.14:384][  0]LogInit: WinSock: version 1.1 (2.2), MaxSocks=32767, MaxUdp=65467
[2017.07.02-22.07.14:452][  0]LogMoviePlayer: Initializing movie player
[2017.07.02-22.07.14:514][  0]LogAndroidPermission: UAndroidPermissionCallbackProxy::GetInstance
[2017.07.02-22.07.14:530][  0]LogUObjectArray: 29858 objects as part of root set at end of initial load.
[2017.07.02-22.07.14:530][  0]LogUObjectAllocator: 5964784 out of 0 bytes used by permanent object pool.
[2017.07.02-22.07.14:530][  0]LogUObjectArray: CloseDisregardForGC: 0/0 objects in disregard for GC pool
[2017.07.02-22.07.14:541][  0]LogEngine: Initializing Engine...
[2017.07.02-22.07.14:792][  0]LogHMD: Failed to initialize OpenVR with code 108
[2017.07.02-22.07.14:802][  0]LogStreaming:Error: Couldn't find file for package /Script/Engine requested by async loading code. NameToLoad: /Script/Engine
[2017.07.02-22.07.16:079][  0]LogStats: UGameplayTagsManager::ConstructGameplayTagTree: Construct from data asset -  0.000 s
[2017.07.02-22.07.16:079][  0]LogStats: UGameplayTagsManager::ConstructGameplayTagTree: GameplayTagTreeChangedEvent.Broadcast -  0.000 s
[2017.07.02-22.07.16:227][  0]LogInit: XAudio2 using 'Headset (Sound Blaster Tactic3D Fury)' : 2 channels at 44.1 kHz using 16 bits per sample (channel mask 0x3)
[2017.07.02-22.07.16:242][  0]LogInit: FAudioDevice initialized.
[2017.07.02-22.07.16:254][  0]LogInit: Texture streaming: Enabled
[2017.07.02-22.07.16:260][  0]LogInit:Display: Game Engine Initialized.
[2017.07.02-22.07.16:260][  0]LogInit:Display: Starting Game.
[2017.07.02-22.07.16:260][  0]LogNet: Browse: /Game/TransientGameLevel1?Name=Player
[2017.07.02-22.07.16:261][  0]LogLoad: LoadMap: /Game/TransientGameLevel1?Name=Player
[2017.07.02-22.07.16:295][  0]LogMemory: Platform Memory Stats for WindowsNoEditor
[2017.07.02-22.07.16:295][  0]LogMemory: Process Physical Memory: 229.66 MB used, 304.68 MB peak
[2017.07.02-22.07.16:295][  0]LogMemory: Process Virtual Memory: 338.27 MB used, 388.33 MB peak
[2017.07.02-22.07.16:295][  0]LogMemory: Physical Memory: 4134.71 MB used,  4000.78 MB free, 8135.49 MB total
[2017.07.02-22.07.16:295][  0]LogMemory: Virtual Memory: 714.69 MB used,  4000.78 MB free, 134217728.00 MB total
[2017.07.02-22.07.16:295][  0]LogMemory: 
[2017.07.02-22.07.16:295][  0]Allocator Stats for binned2: (not implemented)
[2017.07.02-22.07.16:735][  0]LogAIModule: Creating AISystem for world TransientGameLevel1
[2017.07.02-22.07.16:738][  0]LogLoad: Game class is 'SideScrollerGameMode_C'
[2017.07.02-22.07.16:769][  0]LogWorld: Bringing World /Game/TransientGameLevel1.TransientGameLevel1 up for play (max tick rate 0) at 2017.07.02-18.07.16
[2017.07.02-22.07.16:797][  0]LogWorld: Bringing up level for play took: 0.058351
[2017.07.02-22.07.16:800][  0]LogLoad: Took 0.539967 seconds to LoadMap(/Game/TransientGameLevel1)
[2017.07.02-22.07.16:836][  0]LogLoad: (Engine Initialization) Total time: 6.37 seconds
[2017.07.02-22.07.16:836][  0]LogExternalProfiler: No external profilers were discovered.  External profiling features will not be available.
[2017.07.02-22.07.16:854][  0]LogOcInput: OculusInput pre-init called
[2017.07.02-22.07.16:854][  0]LogHMD: Starting GearVRController plugin
[2017.07.02-22.07.16:926][  2]LogRenderer: Reallocating scene render targets to support 1920x1080 NumSamples 1 (Frame:1).
[2017.07.02-22.08.02:822][826]LogNet: Browse: /Game/TransientGameLevel1
[2017.07.02-22.08.02:824][826]LogLoad: LoadMap: /Game/TransientGameLevel1
[2017.07.02-22.08.02:869][826]LogMemory: Platform Memory Stats for WindowsNoEditor
[2017.07.02-22.08.02:869][826]LogMemory: Process Physical Memory: 240.34 MB used, 304.68 MB peak
[2017.07.02-22.08.02:869][826]LogMemory: Process Virtual Memory: 629.50 MB used, 728.52 MB peak
[2017.07.02-22.08.02:869][826]LogMemory: Physical Memory: 4151.45 MB used,  3984.05 MB free, 8135.49 MB total
[2017.07.02-22.08.02:869][826]LogMemory: Virtual Memory: 1019.55 MB used,  3984.05 MB free, 134217728.00 MB total
[2017.07.02-22.08.02:869][826]LogMemory: 
[2017.07.02-22.08.02:869][826]Allocator Stats for binned2: (not implemented)
[2017.07.02-22.08.02:938][826]LogAIModule: Creating AISystem for world TransientGameLevel1
[2017.07.02-22.08.02:940][826]LogLoad: Game class is 'SideScrollerGameMode_C'
[2017.07.02-22.08.02:961][826]LogWorld: Bringing World /Game/TransientGameLevel1.TransientGameLevel1 up for play (max tick rate 0) at 2017.07.02-18.08.02
[2017.07.02-22.08.02:962][826]LogWorld: Bringing up level for play took: 0.003859
[2017.07.02-22.08.02:966][826]LogLoad: Took 0.141273 seconds to LoadMap(/Game/TransientGameLevel1)
[2017.07.02-22.09.00:042][363]Closing by request
[2017.07.02-22.09.00:042][363]LogWindows: FPlatformMisc::RequestExit(0)
[2017.07.02-22.09.00:833][364]LogSlate: Request Window 'FrostInTheDesert (64-bit, PCD3D_SM5)' being destroyed
[2017.07.02-22.09.00:859][364]LogSlate: Window 'FrostInTheDesert (64-bit, PCD3D_SM5)' being destroyed
[2017.07.02-22.09.00:860][364]LogWindowsTextInputMethodSystem:Display: IME system now deactivated.
[2017.07.02-22.09.00:904][364]LogExit: Preparing to exit.
[2017.07.02-22.09.00:904][364]LogMoviePlayer: Shutting down movie player
[2017.07.02-22.09.00:960][364]LogExit: Game engine shut down
[2017.07.02-22.09.01:005][364]LogObj: Freed 32b from 1 cluster array pools.
[2017.07.02-22.09.01:005][364]LogExit: Object subsystem successfully closed.
[2017.07.02-22.09.01:016][364]LogD3D11RHI: Shutdown
[2017.07.02-22.09.01:016][364]LogD3D11RHI: CleanupD3DDevice
[2017.07.02-22.09.01:094][364]LogD3D11RHI: ~FD3D11DynamicRHI
[2017.07.02-22.09.01:094][364]LogModuleManager: Shutting down and abandoning module AutomationController (156)
[2017.07.02-22.09.01:094][364]LogModuleManager: Shutting down and abandoning module AutomationWorker (154)
[2017.07.02-22.09.01:094][364]LogModuleManager: Shutting down and abandoning module AIModule (152)
[2017.07.02-22.09.01:094][364]LogModuleManager: Shutting down and abandoning module GameplayDebugger (151)
[2017.07.02-22.09.01:094][364]LogModuleManager: Shutting down and abandoning module WmfMediaFactory (148)
[2017.07.02-22.09.01:094][364]LogModuleManager: Shutting down and abandoning module AvfMediaFactory (146)
[2017.07.02-22.09.01:094][364]LogModuleManager: Shutting down and abandoning module AndroidMediaFactory (144)
[2017.07.02-22.09.01:094][364]LogModuleManager: Shutting down and abandoning module Media (143)
[2017.07.02-22.09.01:094][364]LogModuleManager: Shutting down and abandoning module CharacterAI (140)
[2017.07.02-22.09.01:094][364]LogModuleManager: Shutting down and abandoning module SessionServices (138)
[2017.07.02-22.09.01:094][364]LogModuleManager: Shutting down and abandoning module MovieSceneTracks (136)
[2017.07.02-22.09.01:094][364]LogModuleManager: Shutting down and abandoning module MovieScene (134)
[2017.07.02-22.09.01:094][364]LogModuleManager: Shutting down and abandoning module GeometryCache (132)
[2017.07.02-22.09.01:094][364]LogModuleManager: Shutting down and abandoning module Niagara (130)
[2017.07.02-22.09.01:094][364]LogModuleManager: Shutting down and abandoning module StreamingPauseRendering (128)
[2017.07.02-22.09.01:094][364]LogModuleManager: Shutting down and abandoning module AnalyticsET (126)
[2017.07.02-22.09.01:094][364]LogModuleManager: Shutting down and abandoning module ProfilerService (124)
[2017.07.02-22.09.01:167][364]LogModuleManager: Shutting down and abandoning module TaskGraph (122)
[2017.07.02-22.09.01:167][364]LogModuleManager: Shutting down and abandoning module HTML5Networking (118)
[2017.07.02-22.09.01:167][364]LogModuleManager: Shutting down and abandoning module SteamVRController (116)
[2017.07.02-22.09.01:167][364]LogModuleManager: Shutting down and abandoning module SteamVR (114)
[2017.07.02-22.09.01:167][364]LogModuleManager: Shutting down and abandoning module ProceduralMeshComponent (112)
[2017.07.02-22.09.01:167][364]LogModuleManager: Shutting down and abandoning module OculusLibrary (110)
[2017.07.02-22.09.01:167][364]LogModuleManager: Shutting down and abandoning module OculusInput (108)
[2017.07.02-22.09.01:167][364]LogModuleManager: Shutting down and abandoning module MobilePatchingUtils (106)
[2017.07.02-22.09.01:167][364]LogModuleManager: Shutting down and abandoning module CustomMeshComponent (104)
[2017.07.02-22.09.01:167][364]LogModuleManager: Shutting down and abandoning module CableComponent (102)
[2017.07.02-22.09.01:167][364]LogModuleManager: Shutting down and abandoning module ArchVisCharacter (100)
[2017.07.02-22.09.01:167][364]LogModuleManager: Shutting down and abandoning module AndroidPermission (98)
[2017.07.02-22.09.01:167][364]LogModuleManager: Shutting down and abandoning module UdpMessaging (96)
[2017.07.02-22.09.01:167][364]LogModuleManager: Shutting down and abandoning module TcpMessaging (94)
[2017.07.02-22.09.01:167][364]LogModuleManager: Shutting down and abandoning module FacialAnimation (92)
[2017.07.02-22.09.01:167][364]LogModuleManager: Shutting down and abandoning module LightPropagationVolumeRuntime (90)
[2017.07.02-22.09.01:167][364]LogModuleManager: Shutting down and abandoning module PhysXVehicles (88)
[2017.07.02-22.09.01:167][364]LogModuleManager: Shutting down and abandoning module LocationServicesBPLibrary (86)
[2017.07.02-22.09.01:167][364]LogModuleManager: Shutting down and abandoning module ImmediatePhysics (84)
[2017.07.02-22.09.01:167][364]LogModuleManager: Shutting down and abandoning module Paper2D (82)
[2017.07.02-22.09.01:167][364]LogModuleManager: Shutting down and abandoning module WmfMedia (80)
[2017.07.02-22.09.01:167][364]LogModuleManager: Shutting down and abandoning module WindowsMoviePlayer (78)
[2017.07.02-22.09.01:168][364]LogModuleManager: Shutting down and abandoning module ClothingSystemRuntime (76)
[2017.07.02-22.09.01:168][364]LogModuleManager: Shutting down and abandoning module MediaAssets (74)
[2017.07.02-22.09.01:168][364]LogModuleManager: Shutting down and abandoning module GameLiveStreaming (72)
[2017.07.02-22.09.01:168][364]LogModuleManager: Shutting down and abandoning module UMG (70)
[2017.07.02-22.09.01:168][364]LogModuleManager: Shutting down and abandoning module SlateReflector (68)
[2017.07.02-22.09.01:168][364]LogModuleManager: Shutting down and abandoning module Slate (66)
[2017.07.02-22.09.01:168][364]LogModuleManager: Shutting down and abandoning module Messaging (64)
[2017.07.02-22.09.01:168][364]LogModuleManager: Shutting down and abandoning module HeadMountedDisplay (62)
[2017.07.02-22.09.01:168][364]LogModuleManager: Shutting down and abandoning module XAudio2 (60)
[2017.07.02-22.09.01:168][364]LogModuleManager: Shutting down and abandoning module Networking (58)
[2017.07.02-22.09.01:168][364]LogModuleManager: Shutting down and abandoning module Core (54)
[2017.07.02-22.09.01:168][364]LogModuleManager: Shutting down and abandoning module LevelSequence (52)
[2017.07.02-22.09.01:168][364]LogModuleManager: Shutting down and abandoning module AssetRegistry (50)
[2017.07.02-22.09.01:171][364]LogModuleManager: Shutting down and abandoning module ImageWrapper (48)
[2017.07.02-22.09.01:171][364]LogModuleManager: Shutting down and abandoning module InputCore (46)
[2017.07.02-22.09.01:171][364]LogModuleManager: Shutting down and abandoning module OnlineSubsystem (42)
[2017.07.02-22.09.01:171][364]LogOnline:Display: Unloading online subsystem: NULL
[2017.07.02-22.09.01:171][364]LogModuleManager: Shutting down and abandoning module HTTP (41)
[2017.07.02-22.09.01:171][364]LogHttp:Display: Http module shutting down, but needs to wait on 1 outstanding Http requests:
[2017.07.02-22.09.01:171][364]LogHttp:Display: 	verb=[POST] url=[https://datarouter.ol.epicgames.com/datarouter/api/v1/public/data?SessionID=%7BBC53A78C-4B87-3D55-C059-05853A493496%7D&AppID=UEGame.Rocket.Release%7CBD606640420DB8FF49D1C481FD995BA3%7CSide%20Scroller%20BP%20Game%20Template&AppVersion=4.16.2-3514769%2B%2B%2BUE4%2BRelease-4.16&UserID=ANON-%7B5C0197E8-4269-9BF3-7F78-7F97EF84BD0B%7D%7C%7C&AppEnvironment=datacollector-binary&UploadType=eteventstream] status=Processing
[2017.07.02-22.09.01:203][364]LogModuleManager: Shutting down and abandoning module SSL (40)
[2017.07.02-22.09.01:204][364]LogModuleManager: Shutting down and abandoning module HTTPChunkInstaller (36)
[2017.07.02-22.09.01:204][364]LogModuleManager: Shutting down and abandoning module OculusRift (34)
[2017.07.02-22.09.01:204][364]LogModuleManager: Shutting down and abandoning module ExampleDeviceProfileSelector (32)
[2017.07.02-22.09.01:204][364]LogModuleManager: Shutting down and abandoning module GearVRController (30)
[2017.07.02-22.09.01:204][364]LogModuleManager: Shutting down and abandoning module GearVR (28)
[2017.07.02-22.09.01:204][364]LogModuleManager: Shutting down and abandoning module ShaderCore (26)
[2017.07.02-22.09.01:204][364]LogModuleManager: Shutting down and abandoning module Landscape (24)
[2017.07.02-22.09.01:204][364]LogModuleManager: Shutting down and abandoning module SlateRHIRenderer (22)
[2017.07.02-22.09.01:204][364]LogModuleManager: Shutting down and abandoning module OpenGLDrv (20)
[2017.07.02-22.09.01:204][364]LogModuleManager: Shutting down and abandoning module D3D11RHI (18)
[2017.07.02-22.09.01:204][364]LogModuleManager: Shutting down and abandoning module AnimGraphRuntime (16)
[2017.07.02-22.09.01:204][364]LogModuleManager: Shutting down and abandoning module Renderer (14)
[2017.07.02-22.09.01:204][364]LogModuleManager: Shutting down and abandoning module Engine (12)
[2017.07.02-22.09.01:204][364]LogModuleManager: Shutting down and abandoning module CoreUObject (10)
[2017.07.02-22.09.01:204][364]LogModuleManager: Shutting down and abandoning module NetworkFile (8)
[2017.07.02-22.09.01:204][364]LogModuleManager: Shutting down and abandoning module StreamingFile (6)
[2017.07.02-22.09.01:204][364]LogModuleManager: Shutting down and abandoning module SandboxFile (4)
[2017.07.02-22.09.01:204][364]LogModuleManager: Shutting down and abandoning module PakFile (2)
[2017.07.02-22.09.01:205][364]LogSlate: HittestGrid destroyed
[2017.07.02-22.09.01:205][364]LogSlate: HittestGrid destroyed
[2017.07.02-22.09.01:206][364]LogExit: Exiting.
[2017.07.02-22.09.01:209][364]Log file closed, 07/02/17 18:09:01
